Command line:
   bbb_isim_beh.exe
     -simmode  gui
     -simrunnum  0
     -socket  63346

Fri Oct 26 10:19:12 2018


 Elaboration Time: 0.125 sec

 Current Memory Usage: 5336.2 Meg

 Total Signals          : 17
 Total Nets             : 112
 Total Signal Drivers   : 9
 Total Blocks           : 3
 Total Primitive Blocks : 2
 Total Processes        : 12
 Total Traceable Variables  : 22
 Total Scalar Nets and Variables : 291
Total Line Count : 27

 Total Simulation Time: 0.1875 sec

 Current Memory Usage: 5178.92 Meg

Fri Oct 26 10:24:49 2018

