Running: fuse.exe -relaunch -intstyle "ise" -incremental -lib "unisims_ver" -lib "unimacro_ver" -lib "xilinxcorelib_ver" -lib "secureip" -o "C:/Users/asus/Desktop/ISE/CPU_P4/mips_text_isim_beh.exe" -prj "C:/Users/asus/Desktop/ISE/CPU_P4/mips_text_beh.prj" "work.mips_text" "work.glbl" 
ISim P.20131013 (signature 0x7708f090)
Number of CPUs detected in this system: 4
Turning on mult-threading, number of parallel sub-compilation jobs: 8 
Determining compilation order of HDL files
Analyzing Verilog file "C:/Users/asus/Desktop/ISE/CPU_P4/MuxRegRd.v" into library work
Analyzing Verilog file "C:/Users/asus/Desktop/ISE/CPU_P4/MuxRegData.v" into library work
Analyzing Verilog file "C:/Users/asus/Desktop/ISE/CPU_P4/MuxALUNum.v" into library work
Analyzing Verilog file "C:/Users/asus/Desktop/ISE/CPU_P4/MEMOUT.v" into library work
Analyzing Verilog file "C:/Users/asus/Desktop/ISE/CPU_P4/MEMDATA.v" into library work
Analyzing Verilog file "C:/Users/asus/Desktop/ISE/CPU_P4/IFU.v" into library work
Analyzing Verilog file "C:/Users/asus/Desktop/ISE/CPU_P4/GRF.v" into library work
Analyzing Verilog file "C:/Users/asus/Desktop/ISE/CPU_P4/EXT.v" into library work
Analyzing Verilog file "C:/Users/asus/Desktop/ISE/CPU_P4/DM.v" into library work
Analyzing Verilog file "C:/Users/asus/Desktop/ISE/CPU_P4/control.v" into library work
Analyzing Verilog file "C:/Users/asus/Desktop/ISE/CPU_P4/ALU.v" into library work
Analyzing Verilog file "C:/Users/asus/Desktop/ISE/CPU_P4/mips.v" into library work
Analyzing Verilog file "C:/Users/asus/Desktop/ISE/CPU_P4/mips_text.v" into library work
Analyzing Verilog file "C:/Xilinx/14.7/ISE_DS/ISE//verilog/src/glbl.v" into library work
Starting static elaboration
Completed static elaboration
Compiling module IFU
Compiling module control
Compiling module GRF
Compiling module EXT
Compiling module ALU
Compiling module DM
Compiling module MuxRegRd
Compiling module MuxALUNum
Compiling module MuxRegData
Compiling module MEMOUT
Compiling module MEMDATA
Compiling module mips
Compiling module mips_text
Compiling module glbl
Time Resolution for simulation is 1ps.
Waiting for 7 sub-compilation(s) to finish...
WARNING:Simulator - Unable to copy libPortabilityNOSH.dll to the simulation executable directory: boost::filesystem::copy_file: 系统找不到指定的路径。, "isim\mips_text_isim_beh.exe.sim\libPortability.dll".
Compiled 14 Verilog Units
Built simulation executable C:/Users/asus/Desktop/ISE/CPU_P4/mips_text_isim_beh.exe
Fuse Memory Usage: 30164 KB
Fuse CPU Usage: 624 ms
