ISim log file
Running: C:\Users\asus\Desktop\ISE\CPU_P4\mips_text_isim_beh.exe -intstyle ise -gui -tclbatch isim.cmd -wdb C:/Users/asus/Desktop/ISE/CPU_P4/mips_text_isim_beh.wdb 
ISim P.20131013 (signature 0x7708f090)
WARNING: A WEBPACK license was found.
WARNING: Please use Xilinx License Configuration Manager to check out a full ISim license.
WARNING: ISim will run in Lite mode. Please refer to the ISim documentation for more information on the differences between the Lite and the Full version.
This is a Lite version of ISim.
Time resolution is 1 ps
# onerror resume
# wave add /
# run 1000 ns
Simulator is doing circuit initialization process.
Finished circuit initialization process.
@00003000: $ 9 <= 00000010
@00003004: $ 8 <= 00000000
@00003008: $10 <= 00000001
@0000300c: $17 <= 00000004
@00003010: $16 <= ffff0000
@00003014: *00000004 <= ffff0000
@00003020: $31 <= 00003024
@0000302c: $16 <= ffff0000
@00003030: $16 <= fffefff0
@00003034: *00000004 <= fffefff0
@00003038: $25 <= 0000303c
@00003024: $ 8 <= 00000001
@00003020: $31 <= 00003024
@0000302c: $16 <= fffefff0
@00003030: $16 <= fffeffe0
@00003034: *00000004 <= fffeffe0
@00003038: $25 <= 0000303c
@00003024: $ 8 <= 00000002
@00003020: $31 <= 00003024
@0000302c: $16 <= fffeffe0
@00003030: $16 <= fffeffd0
@00003034: *00000004 <= fffeffd0
@00003038: $25 <= 0000303c
@00003024: $ 8 <= 00000003
@00003020: $31 <= 00003024
@0000302c: $16 <= fffeffd0
@00003030: $16 <= fffeffc0
@00003034: *00000004 <= fffeffc0
@00003038: $25 <= 0000303c
@00003024: $ 8 <= 00000004
@00003020: $31 <= 00003024
@0000302c: $16 <= fffeffc0
@00003030: $16 <= fffeffb0
@00003034: *00000004 <= fffeffb0
@00003038: $25 <= 0000303c
@00003024: $ 8 <= 00000005
# run 1.00us
@00003020: $31 <= 00003024
@0000302c: $16 <= fffeffb0
@00003030: $16 <= fffeffa0
@00003034: *00000004 <= fffeffa0
@00003038: $25 <= 0000303c
@00003024: $ 8 <= 00000006
@00003020: $31 <= 00003024
@0000302c: $16 <= fffeffa0
@00003030: $16 <= fffeff90
@00003034: *00000004 <= fffeff90
@00003038: $25 <= 0000303c
@00003024: $ 8 <= 00000007
@00003020: $31 <= 00003024
@0000302c: $16 <= fffeff90
@00003030: $16 <= fffeff80
@00003034: *00000004 <= fffeff80
@00003038: $25 <= 0000303c
@00003024: $ 8 <= 00000008
@00003020: $31 <= 00003024
@0000302c: $16 <= fffeff80
@00003030: $16 <= fffeff70
@00003034: *00000004 <= fffeff70
@00003038: $25 <= 0000303c
@00003024: $ 8 <= 00000009
@00003020: $31 <= 00003024
@0000302c: $16 <= fffeff70
@00003030: $16 <= fffeff60
@00003034: *00000004 <= fffeff60
@00003038: $25 <= 0000303c
@00003024: $ 8 <= 0000000a
@00003020: $31 <= 00003024
@0000302c: $16 <= fffeff60
# run 1.00us
@00003030: $16 <= fffeff50
@00003034: *00000004 <= fffeff50
@00003038: $25 <= 0000303c
@00003024: $ 8 <= 0000000b
@00003020: $31 <= 00003024
@0000302c: $16 <= fffeff50
@00003030: $16 <= fffeff40
@00003034: *00000004 <= fffeff40
@00003038: $25 <= 0000303c
@00003024: $ 8 <= 0000000c
@00003020: $31 <= 00003024
@0000302c: $16 <= fffeff40
@00003030: $16 <= fffeff30
@00003034: *00000004 <= fffeff30
@00003038: $25 <= 0000303c
@00003024: $ 8 <= 0000000d
@00003020: $31 <= 00003024
@0000302c: $16 <= fffeff30
@00003030: $16 <= fffeff20
@00003034: *00000004 <= fffeff20
@00003038: $25 <= 0000303c
@00003024: $ 8 <= 0000000e
@00003020: $31 <= 00003024
@0000302c: $16 <= fffeff20
@00003030: $16 <= fffeff10
@00003034: *00000004 <= fffeff10
@00003038: $25 <= 0000303c
@00003024: $ 8 <= 0000000f
@00003020: $31 <= 00003024
@0000302c: $16 <= fffeff10
@00003030: $16 <= fffeff00
@00003034: *00000004 <= fffeff00
@00003038: $25 <= 0000303c
@00003024: $ 8 <= 00000010
# run 1.00us
@0000303c: *0000000c <= 00000010
# run 1.00us
# run 1.00us
ISim P.20131013 (signature 0x7708f090)
WARNING: A WEBPACK license was found.
WARNING: Please use Xilinx License Configuration Manager to check out a full ISim license.
WARNING: ISim will run in Lite mode. Please refer to the ISim documentation for more information on the differences between the Lite and the Full version.
This is a Lite version of ISim.
# run 1000 ns
Simulator is doing circuit initialization process.
Finished circuit initialization process.
@00003000: $ 9 <= 00000010
@00003004: $ 8 <= 00000000
@00003008: $10 <= 00000001
@0000300c: $17 <= 00000004
@00003010: $16 <= ffff0000
@00003014: *00000004 <= ffff0000
@00003020: $31 <= 00003024
@0000302c: $16 <= ffff0000
@00003030: $16 <= fffefff0
@00003034: *00000004 <= fffefff0
@00003024: $ 8 <= 00000001
@00003020: $31 <= 00003024
@0000302c: $16 <= fffefff0
@00003030: $16 <= fffeffe0
@00003034: *00000004 <= fffeffe0
@00003024: $ 8 <= 00000002
@00003020: $31 <= 00003024
@0000302c: $16 <= fffeffe0
@00003030: $16 <= fffeffd0
@00003034: *00000004 <= fffeffd0
@00003024: $ 8 <= 00000003
@00003020: $31 <= 00003024
@0000302c: $16 <= fffeffd0
@00003030: $16 <= fffeffc0
@00003034: *00000004 <= fffeffc0
@00003024: $ 8 <= 00000004
@00003020: $31 <= 00003024
@0000302c: $16 <= fffeffc0
@00003030: $16 <= fffeffb0
@00003034: *00000004 <= fffeffb0
@00003024: $ 8 <= 00000005
# run 1.00us
@00003020: $31 <= 00003024
@0000302c: $16 <= fffeffb0
@00003030: $16 <= fffeffa0
@00003034: *00000004 <= fffeffa0
@00003024: $ 8 <= 00000006
@00003020: $31 <= 00003024
@0000302c: $16 <= fffeffa0
@00003030: $16 <= fffeff90
@00003034: *00000004 <= fffeff90
@00003024: $ 8 <= 00000007
@00003020: $31 <= 00003024
@0000302c: $16 <= fffeff90
@00003030: $16 <= fffeff80
@00003034: *00000004 <= fffeff80
@00003024: $ 8 <= 00000008
@00003020: $31 <= 00003024
@0000302c: $16 <= fffeff80
@00003030: $16 <= fffeff70
@00003034: *00000004 <= fffeff70
@00003024: $ 8 <= 00000009
@00003020: $31 <= 00003024
@0000302c: $16 <= fffeff70
@00003030: $16 <= fffeff60
@00003034: *00000004 <= fffeff60
@00003024: $ 8 <= 0000000a
@00003020: $31 <= 00003024
@0000302c: $16 <= fffeff60
# run 1.00us
@00003030: $16 <= fffeff50
@00003034: *00000004 <= fffeff50
@00003024: $ 8 <= 0000000b
@00003020: $31 <= 00003024
@0000302c: $16 <= fffeff50
@00003030: $16 <= fffeff40
@00003034: *00000004 <= fffeff40
@00003024: $ 8 <= 0000000c
@00003020: $31 <= 00003024
@0000302c: $16 <= fffeff40
@00003030: $16 <= fffeff30
@00003034: *00000004 <= fffeff30
@00003024: $ 8 <= 0000000d
@00003020: $31 <= 00003024
@0000302c: $16 <= fffeff30
@00003030: $16 <= fffeff20
@00003034: *00000004 <= fffeff20
@00003024: $ 8 <= 0000000e
@00003020: $31 <= 00003024
@0000302c: $16 <= fffeff20
@00003030: $16 <= fffeff10
@00003034: *00000004 <= fffeff10
@00003024: $ 8 <= 0000000f
@00003020: $31 <= 00003024
@0000302c: $16 <= fffeff10
@00003030: $16 <= fffeff00
@00003034: *00000004 <= fffeff00
@00003024: $ 8 <= 00000010
# run 1.00us
@0000303c: *0000000c <= 00000010
# run 1.00us
