ISim log file
Running: C:\Users\asus\Desktop\ISE\CPU_P6\mips_test_isim_beh.exe -intstyle ise -gui -tclbatch isim.cmd -wdb C:/Users/asus/Desktop/ISE/CPU_P6/mips_test_isim_beh.wdb 
ISim P.20131013 (signature 0x7708f090)
WARNING: A WEBPACK license was found.
WARNING: Please use Xilinx License Configuration Manager to check out a full ISim license.
WARNING: ISim will run in Lite mode. Please refer to the ISim documentation for more information on the differences between the Lite and the Full version.
This is a Lite version of ISim.
Time resolution is 1 ps
# onerror resume
# wave add /
# run 1000 ns
Simulator is doing circuit initialization process.
Finished circuit initialization process.
                  90@00003000: $ 2 <= 00000005
                 130@00003008: $17 <= 00000005
                 150@0000300c: $ 2 <= 00000005
                 190@00003014: $18 <= 00000005
                 210@00003018: $ 8 <= 00000000
                 230@0000301c: $16 <= 00000000
                 250@00003020: $19 <= 00000000
                 270@00003024: $20 <= 00000001
                 290@00003028: $21 <= 00000000
                 310@0000302c: $ 9 <= 00000001
                 370@00003034: $ 2 <= 00000005
                 410@0000303c: $12 <= 00000005
                 430@00003040: $ 2 <= 00000005
                 470@00003048: $13 <= 00000005
                 490@0000304c: $14 <= 00000009
                 650@00003054: $14 <= 0000002d
                 670@00003058: $15 <= 00000032
                 690@0000305c: $14 <= 00000004
                 850@00003064: $15 <= 000000c8
                 870@00003068: $15 <= 000000c8
                 890@0000306c: $14 <= 00000001
                 890@00003070: *000000c8 <= 00000001
                 930@00003074: $14 <= 00000009
# run 1.00us
                1090@0000307c: $14 <= 0000002d
                1110@00003080: $15 <= 00000032
                1130@00003084: $14 <= 00000004
                1290@0000308c: $15 <= 000000c8
                1310@00003090: $15 <= 000000c8
                1330@00003094: $14 <= 00000001
                1330@00003098: *000000c8 <= 00000001
                1370@0000309c: $ 8 <= 00000001
                1390@000030a4: *00000000 <= 00000000
                1430@0000302c: $ 9 <= 00000001
                1490@00003034: $ 2 <= 00000005
                1530@0000303c: $12 <= 00000005
                1550@00003040: $ 2 <= 00000005
                1590@00003048: $13 <= 00000005
                1610@0000304c: $14 <= 00000009
                1770@00003054: $14 <= 0000002d
                1790@00003058: $15 <= 00000032
                1810@0000305c: $14 <= 00000004
                1970@00003064: $15 <= 000000c8
                1990@00003068: $15 <= 000000c8
# run 1.00us
                2010@0000306c: $14 <= 00000001
                2010@00003070: *000000c8 <= 00000001
                2050@00003074: $14 <= 00000009
                2210@0000307c: $14 <= 0000002d
                2230@00003080: $15 <= 00000032
                2250@00003084: $14 <= 00000004
                2410@0000308c: $15 <= 000000c8
                2430@00003090: $15 <= 000000c8
                2450@00003094: $14 <= 00000001
                2450@00003098: *000000c8 <= 00000001
                2490@0000309c: $ 8 <= 00000002
                2510@000030a4: *00000000 <= 00000000
                2550@0000302c: $ 9 <= 00000001
                2610@00003034: $ 2 <= 00000005
                2650@0000303c: $12 <= 00000005
                2670@00003040: $ 2 <= 00000005
                2710@00003048: $13 <= 00000005
                2730@0000304c: $14 <= 00000009
                2890@00003054: $14 <= 0000002d
                2910@00003058: $15 <= 00000032
                2930@0000305c: $14 <= 00000004
# run 1.00us
                3090@00003064: $15 <= 000000c8
                3110@00003068: $15 <= 000000c8
                3130@0000306c: $14 <= 00000001
                3130@00003070: *000000c8 <= 00000001
                3170@00003074: $14 <= 00000009
                3330@0000307c: $14 <= 0000002d
                3350@00003080: $15 <= 00000032
                3370@00003084: $14 <= 00000004
                3530@0000308c: $15 <= 000000c8
                3550@00003090: $15 <= 000000c8
                3570@00003094: $14 <= 00000001
                3570@00003098: *000000c8 <= 00000001
                3610@0000309c: $ 8 <= 00000003
                3630@000030a4: *00000000 <= 00000000
                3670@0000302c: $ 9 <= 00000001
                3730@00003034: $ 2 <= 00000005
                3770@0000303c: $12 <= 00000005
                3790@00003040: $ 2 <= 00000005
                3830@00003048: $13 <= 00000005
                3850@0000304c: $14 <= 00000009
# run 1.00us
                4010@00003054: $14 <= 0000002d
                4030@00003058: $15 <= 00000032
                4050@0000305c: $14 <= 00000004
                4210@00003064: $15 <= 000000c8
                4230@00003068: $15 <= 000000c8
                4250@0000306c: $14 <= 00000001
                4250@00003070: *000000c8 <= 00000001
                4290@00003074: $14 <= 00000009
                4450@0000307c: $14 <= 0000002d
                4470@00003080: $15 <= 00000032
                4490@00003084: $14 <= 00000004
                4650@0000308c: $15 <= 000000c8
                4670@00003090: $15 <= 000000c8
                4690@00003094: $14 <= 00000001
                4690@00003098: *000000c8 <= 00000001
                4730@0000309c: $ 8 <= 00000004
                4750@000030a4: *00000000 <= 00000000
                4790@0000302c: $ 9 <= 00000001
                4850@00003034: $ 2 <= 00000005
                4890@0000303c: $12 <= 00000005
                4910@00003040: $ 2 <= 00000005
                4950@00003048: $13 <= 00000005
                4970@0000304c: $14 <= 00000009
# run 1.00us
                5130@00003054: $14 <= 0000002d
                5150@00003058: $15 <= 00000032
                5170@0000305c: $14 <= 00000004
                5330@00003064: $15 <= 000000c8
                5350@00003068: $15 <= 000000c8
                5370@0000306c: $14 <= 00000001
                5370@00003070: *000000c8 <= 00000001
                5410@00003074: $14 <= 00000009
                5570@0000307c: $14 <= 0000002d
                5590@00003080: $15 <= 00000032
                5610@00003084: $14 <= 00000004
                5770@0000308c: $15 <= 000000c8
                5790@00003090: $15 <= 000000c8
                5810@00003094: $14 <= 00000001
                5810@00003098: *000000c8 <= 00000001
                5850@0000309c: $ 8 <= 00000005
                5870@000030a4: *00000000 <= 00000000
                5910@0000302c: $ 9 <= 00000000
                5970@00003034: $ 2 <= 00000005
                5970@000030a4: *00000000 <= 00000000
# run 1.00us
                6010@000030a8: $29 <= fffffffc
                6030@000030ac: $31 <= 000030b4
                6070@000030b8: $19 <= 00000001
                6090@00003214: $ 4 <= 00000000
                6110@00003218: $ 2 <= 00000001
                6170@00003224: $ 2 <= 0000000a
                6190@00003224: $ 2 <= 0000000a
# run 1.00us
# run 1.00us
# run 1.00us
# run 1.00us
ISim P.20131013 (signature 0x7708f090)
WARNING: A WEBPACK license was found.
WARNING: Please use Xilinx License Configuration Manager to check out a full ISim license.
WARNING: ISim will run in Lite mode. Please refer to the ISim documentation for more information on the differences between the Lite and the Full version.
This is a Lite version of ISim.
# run 1000 ns
Simulator is doing circuit initialization process.
Finished circuit initialization process.
                  90@00003000: $28 <= 00000000
                 110@00003004: $29 <= 00000000
                 130@00003008: $30 <= 00000000
                 150@0000300c: $31 <= 00000000
                 170@00003010: $28 <= 00000004
                 190@00003014: $ 1 <= ffff0000
                 210@00003018: $ 1 <= ffffaa99
                 230@0000301c: $ 2 <= 00000000
                 250@00003020: $ 2 <= 0000787f
                 270@00003024: $26 <= 00002318
                 270@00003028: *00000000 <= 00002318
                 310@0000302c: $29 <= 00000004
                 370@00003038: $ 4 <= ffff0000
                 390@0000303c: $ 4 <= ffff85dc
                 410@00003040: $ 5 <= ffff0000
                 430@00003044: $ 5 <= ffff83d3
                 450@0000304c: *00000004 <= 00000000
                 490@00003050: $29 <= 00000008
                 550@0000305c: $16 <= ffff0000
                 570@00003060: $16 <= ffffd9ef
                 590@00003064: $17 <= ffff0000
                 610@00003068: $17 <= ffff8dcd
                 630@0000306c: $27 <= 00004c22
                 630@00003070: *00000008 <= 00004c22
                 670@00003074: $29 <= 0000000c
                 730@00003080: $ 2 <= ffff0000
                 750@00003084: $ 2 <= fffff12e
                 770@00003088: $19 <= fffff1af
                 770@0000308c: *0000000c <= fffff1af
                 810@00003090: $29 <= 00000010
                 870@0000309c: $26 <= ffff0000
                 890@000030a0: $26 <= ffffe2b7
                 910@000030a8: *00000010 <= 00000000
                 950@000030ac: $29 <= 00000014
# run 1.00us
                1010@000030b8: $14 <= ffff0000
                1030@000030bc: $14 <= ffffe504
                1050@000030c0: $15 <= 0000085d
                1070@000030c4: $14 <= 00000000
                1070@000030c8: *00000014 <= 00000000
                1110@000030cc: $29 <= 00000018
                1110@000030d0: *00000018 <= 0000085d
                1150@000030d4: $29 <= 0000001c
                1210@000030e0: $19 <= ffff0000
                1230@000030e4: $19 <= ffffd257
                1250@000030e8: $ 8 <= 00007572
                1270@000030ec: $ 8 <= ffff8a8e
                1290@000030f0: $19 <= 00000000
                1290@000030f4: *0000001c <= 00000000
                1330@000030f8: $29 <= 00000020
                1330@000030fc: *00000020 <= ffff8a8e
                1370@00003100: $29 <= 00000024
                1430@0000310c: $23 <= ffff0000
                1450@00003110: $23 <= ffff8395
                1470@00003114: $24 <= 000035c9
                1490@00003118: $24 <= ffffca37
                1510@0000311c: $23 <= 00000000
                1510@00003120: *00000024 <= 00000000
                1550@00003124: $29 <= 00000028
                1550@00003128: *00000028 <= ffffca37
                1590@0000312c: $29 <= 0000002c
                1650@00003138: $12 <= 00000000
                1670@0000313c: $12 <= 00001733
                1690@00003140: $ 4 <= 00005f49
                1710@00003144: $12 <= 00000000
                1710@00003148: *0000002c <= 00000000
                1750@0000314c: $29 <= 00000030
                1750@00003150: *00000030 <= 00005f49
                1790@00003154: $29 <= 00000034
                1850@00003160: $27 <= ffff0000
                1870@00003164: $27 <= ffff98f4
                1890@00003168: $11 <= 00004038
                1910@0000316c: $11 <= ffffbfc8
                1930@00003170: $27 <= 00000000
                1930@00003174: *00000034 <= 00000000
                1970@00003178: $29 <= 00000038
                1970@0000317c: *00000038 <= ffffbfc8
# run 1.00us
                2010@00003180: $29 <= 0000003c
                2070@0000318c: $ 2 <= 00000000
                2090@00003190: $ 2 <= 00002e29
                2110@00003194: $21 <= 000056c7
                2130@00003198: $ 2 <= 00000000
                2130@0000319c: *0000003c <= 00000000
                2170@000031a0: $29 <= 00000040
                2170@000031a4: *00000040 <= 000056c7
                2210@000031a8: $29 <= 00000044
                2270@000031b4: $22 <= ffff0000
                2290@000031b8: $22 <= ffffdb7e
                2310@000031bc: $ 5 <= 000002c9
                2330@000031c0: $ 5 <= fffffd37
                2330@000031c4: *0000002c <= 0000007e
                2350@000031c8: *00000044 <= ffffdb7e
                2390@000031cc: $29 <= 00000048
                2390@000031d0: *00000048 <= fffffd37
                2430@000031d4: $29 <= 0000004c
                2490@000031e0: $25 <= 00000000
                2510@000031e4: $25 <= 00001bac
                2530@000031e8: $17 <= 00006c61
                2550@000031ec: $17 <= ffff939f
                2550@000031f0: *00000078 <= 0000ac00
                2570@000031f4: *0000004c <= 00001bac
                2610@000031f8: $29 <= 00000050
                2610@000031fc: *00000050 <= ffff939f
                2650@00003200: $29 <= 00000054
                2710@0000320c: $ 7 <= 00000000
                2730@00003210: $ 7 <= 00002290
                2750@00003214: $ 3 <= 00001941
                2750@00003218: *000000a4 <= 00900000
                2770@0000321c: *00000054 <= 00002290
                2810@00003220: $29 <= 00000058
                2810@00003224: *00000058 <= 00001941
                2850@00003228: $29 <= 0000005c
                2910@00003234: $17 <= 00000000
                2930@00003238: $17 <= 00000f93
                2950@0000323c: $20 <= 000012da
                2950@00003240: *000000a4 <= 93900000
                2970@00003244: *0000005c <= 00000f93
# run 1.00us
                3010@00003248: $29 <= 00000060
                3010@0000324c: *00000060 <= 000012da
                3050@00003250: $29 <= 00000064
                3110@0000325c: $10 <= 00000000
                3130@00003260: $10 <= 00004cb4
                3150@00003264: $13 <= 00000df3
                3150@00003268: *0000007c <= 00004cb4
                3170@0000326c: *00000064 <= 00004cb4
                3210@00003270: $29 <= 00000068
                3210@00003274: *00000068 <= 00000df3
                3250@00003278: $29 <= 0000006c
                3310@00003284: $ 9 <= 00000000
                3330@00003288: $ 9 <= 000064ed
                3350@0000328c: $11 <= 0000375c
                3350@00003290: *000000c8 <= 64ed0000
                3370@00003294: *0000006c <= 000064ed
                3410@00003298: $29 <= 00000070
                3410@0000329c: *00000070 <= 0000375c
                3450@000032a0: $29 <= 00000074
                3510@000032ac: $ 5 <= 00000000
                3530@000032b0: $ 5 <= 00002a25
                3550@000032b4: $22 <= ffff0000
                3570@000032b8: $22 <= ffff9df5
                3590@000032bc: $15 <= ffffc81a
                3590@000032c0: *00000074 <= ffffc81a
                3630@000032c4: $29 <= 00000078
                3690@000032d0: $19 <= 00000000
                3710@000032d4: $19 <= 00005ab2
                3730@000032d8: $ 4 <= 00000000
                3750@000032dc: $ 4 <= 00005fe4
                3770@000032e4: *00000078 <= 00000000
                3810@000032e8: $29 <= 0000007c
                3870@000032f4: $ 3 <= 00000000
                3890@000032f8: $ 3 <= 00000595
                3910@000032fc: $18 <= ffff0000
                3930@00003300: $18 <= ffffd204
                3950@00003304: $ 2 <= 00003391
                3950@00003308: *0000007c <= 00003391
                3990@0000330c: $29 <= 00000080
# run 1.00us
                4050@00003318: $15 <= 00000000
                4070@0000331c: $15 <= 000007ce
                4090@00003320: $ 6 <= 00000000
                4110@00003324: $ 6 <= 00006c89
                4130@0000332c: *00000080 <= 00000000
                4170@00003330: $29 <= 00000084
                4230@0000333c: $21 <= ffff0000
                4250@00003340: $21 <= ffff8675
                4270@00003344: $ 8 <= ffff0000
                4290@00003348: $ 8 <= ffffaa15
                4310@0000334c: $ 1 <= ffff542a
                4310@00003350: *00000084 <= ffff542a
                4350@00003354: $29 <= 00000088
                4410@00003360: $20 <= ffff0000
                4430@00003364: $20 <= ffff8b2c
                4450@00003368: $10 <= ffff0000
                4470@0000336c: $10 <= ffff952b
                4490@00003374: *00000088 <= 00000000
                4530@00003378: $29 <= 0000008c
                4590@00003384: $24 <= ffff0000
                4610@00003388: $24 <= ffffc528
                4630@0000338c: $27 <= ffff0000
                4650@00003390: $27 <= ffff8a3e
                4670@00003394: $ 3 <= 0000007f
                4670@00003398: *0000008c <= 0000007f
                4710@0000339c: $29 <= 00000090
                4770@000033a8: $21 <= 00000000
                4790@000033ac: $21 <= 00000b42
                4810@000033b0: $22 <= 00000000
                4830@000033b4: $22 <= 00000656
                4850@000033bc: *00000090 <= 00000000
                4890@000033c0: $29 <= 00000094
                4950@000033cc: $27 <= 00000000
                4970@000033d0: $27 <= 00001c84
                4990@000033d4: $20 <= 00000000
# run 1.00us
                5010@000033d8: $20 <= 00001652
                5030@000033dc: $23 <= 00001400
                5030@000033e0: *00000094 <= 00001400
                5070@000033e4: $29 <= 00000098
                5130@000033f0: $ 5 <= ffff0000
                5150@000033f4: $ 5 <= ffff91d1
                5170@000033f8: $ 7 <= 00000000
                5190@000033fc: $ 7 <= 000014a2
                5210@00003404: *00000098 <= 00000000
                5250@00003408: $29 <= 0000009c
                5310@00003414: $ 6 <= 00000000
                5330@00003418: $ 6 <= 00002195
                5350@0000341c: $ 3 <= 00000000
                5370@00003420: $ 3 <= 00003204
                5390@00003424: $19 <= 00003395
                5390@00003428: *0000009c <= 00003395
                5430@0000342c: $29 <= 000000a0
                5490@00003438: $21 <= 00000000
                5510@0000343c: $21 <= 00003bcd
                5530@00003440: $15 <= 00001e14
                5530@00003444: *000000a0 <= 00001e14
                5570@00003448: $29 <= 000000a4
                5630@00003454: $ 1 <= ffff0000
                5650@00003458: $ 1 <= ffffdcaa
                5670@00003460: *000000a4 <= 00000000
                5710@00003464: $29 <= 000000a8
                5770@00003470: $27 <= ffff0000
                5790@00003474: $27 <= ffffe46b
                5810@00003478: $ 1 <= 00006029
                5810@0000347c: *000000a8 <= 00006029
                5850@00003480: $29 <= 000000ac
                5910@0000348c: $16 <= ffff0000
                5930@00003490: $16 <= ffffa2ef
                5950@00003494: $27 <= 0000808d
                5950@00003498: *000000ac <= 0000808d
                5990@0000349c: $29 <= 000000b0
# run 1.00us
                6050@000034a8: $ 2 <= ffff0000
                6070@000034ac: $ 2 <= ffff9c8e
                6090@000034b4: *000000b0 <= 00000000
                6130@000034b8: $29 <= 000000b4
                6190@000034c4: $11 <= 00000000
                6210@000034c8: $11 <= 00003226
                6230@000034cc: $ 1 <= 00007b35
                6230@000034d0: *000000b4 <= 00007b35
                6270@000034d4: $29 <= 000000b8
                6330@000034e0: $14 <= 00000000
                6350@000034e4: $14 <= 00002cb5
                6370@000034e8: $ 5 <= ffff0000
                6390@000034ec: $ 5 <= ffffafef
                6410@000034f4: *000000b8 <= 00000000
                6450@000034f8: $29 <= 000000bc
                6510@00003504: $16 <= ffff0000
                6530@00003508: $16 <= ffff92f5
                6550@0000350c: $17 <= 00000001
                6550@00003510: *000000bc <= 00000001
                6590@00003514: $29 <= 000000c0
                6650@00003520: $ 6 <= ffff0000
                6670@00003524: $ 6 <= ffff997e
                6690@00003528: $15 <= 00000000
                6690@0000352c: *000000c0 <= 00000000
                6730@00003530: $29 <= 000000c4
                6790@0000353c: $ 9 <= ffff0000
                6810@00003540: $ 9 <= ffff9783
                6830@00003544: $ 3 <= 00000001
                6830@00003548: *000000c4 <= 00000001
                6870@0000354c: $29 <= 000000c8
                6930@00003558: $21 <= 00000000
                6950@0000355c: $21 <= 00000c7a
                6970@00003564: *000000c8 <= 00000000
# run 1.00us
                7010@00003568: $29 <= 000000cc
                7070@00003574: $ 5 <= ffff0000
                7090@00003578: $ 5 <= ffffe441
                7110@0000357c: $14 <= 00000000
                7130@00003580: $14 <= 00001876
                7150@00003584: $21 <= 00000000
                7150@00003588: *000000cc <= 00000000
                7190@0000358c: $29 <= 000000d0
                7250@00003598: $13 <= ffff0000
                7270@0000359c: $13 <= ffff97eb
                7290@000035a0: $ 7 <= 00000000
                7310@000035a4: $ 7 <= 00000adb
                7330@000035ac: *000000d0 <= 00000000
                7370@000035b0: $29 <= 000000d4
                7430@000035bc: $ 9 <= 00000000
                7450@000035c0: $ 9 <= 00001227
                7470@000035c4: $24 <= 00000000
                7490@000035c8: $24 <= 00006e19
                7610@000035d4: *000000d4 <= 00001227
                7650@000035d8: $29 <= 000000d8
                7650@000035dc: *000000d8 <= 00006e19
                7690@000035e0: $29 <= 000000dc
                7750@000035f8: $11 <= 00000000
                7770@000035fc: $11 <= 000010e0
                7790@00003600: $11 <= ffff0000
                7810@00003604: $11 <= ffffaf57
                7870@00003610: *000000dc <= ffffaf57
                7910@00003614: $29 <= 000000e0
                7910@00003618: *000000e0 <= ffffaf57
                7950@0000361c: $29 <= 000000e4
# run 1.00us
                8010@00003634: $27 <= 00000000
                8030@00003638: $27 <= 00005a2e
                8090@00003644: *000000e4 <= 00005a2e
                8130@00003648: $29 <= 000000e8
                8190@00003660: $27 <= ffff0000
                8210@00003664: $27 <= ffff992f
                8290@00003680: $30 <= 00000008
                8330@00003670: *000000e8 <= ffff992f
                8370@00003674: $29 <= 000000ec
                8530@000036ac: $30 <= 00000008
                8570@0000369c: *000000ec <= 00000000
                8610@000036a0: $29 <= 000000f0
                8670@000036b8: $20 <= 00000000
                8690@000036bc: $20 <= 00004b0d
                8810@000036c8: *000000f0 <= 00004b0d
                8850@000036cc: $29 <= 000000f4
                8910@000036e4: $20 <= ffff0000
                8930@000036e8: $20 <= ffff9907
                8990@000036f4: *000000f4 <= ffff9907
# run 1.00us
                9030@000036f8: $29 <= 000000f8
                9170@00003720: *000000f8 <= 00000000
                9210@00003724: $29 <= 000000fc
                9270@0000373c: $23 <= 00000000
                9290@00003740: $23 <= 00006bda
                9350@0000374c: *000000fc <= 00006bda
                9390@00003750: $29 <= 00000100
                9450@00003768: $23 <= ffff0000
                9470@0000376c: $23 <= ffffeb69
                9550@00003788: $30 <= 00000008
                9590@00003778: *00000100 <= ffffeb69
                9630@0000377c: $29 <= 00000104
                9770@000037a4: *00000104 <= 00000000
                9810@000037a8: $29 <= 00000108
                9870@000037c0: $26 <= 00000000
                9890@000037c4: $26 <= 00002c79
                9970@000037e0: $30 <= 00000008
# run 1.00us
               10010@000037d0: *00000108 <= 00002c79
               10050@000037d4: $29 <= 0000010c
               10110@000037ec: $26 <= ffff0000
               10130@000037f0: $26 <= fffff4aa
               10190@000037fc: *0000010c <= fffff4aa
               10230@00003800: $29 <= 00000110
               10390@00003838: $30 <= 00000008
               10430@00003828: *00000110 <= 00000000
               10470@0000382c: $29 <= 00000114
               10570@00003860: $31 <= 00003868
               10610@0000384c: $13 <= 00003868
               10650@00003850: $12 <= 00003858
               10690@00003868: $30 <= 00000008
               10790@00003874: $ 1 <= 24f60000
               10810@00003878: $ 1 <= 24f6c67f
               10830@0000387c: $27 <= 01d50000
               10850@00003880: $27 <= 01d5d30e
# run 1.00us
               11030@00003890: $15 <= 08bd0000
               11050@00003894: $15 <= 08bdb6ce
               11070@00003898: $25 <= dea90000
               11090@0000389c: $25 <= dea989cc
               11270@000038ac: $ 2 <= a5240000
               11290@000038b0: $ 2 <= a524abdb
               11410@000038c8: $10 <= 97300000
               11430@000038cc: $10 <= 9730c54b
# run 1.00us
# run 1.00us
# run 1.00us
ISim P.20131013 (signature 0x7708f090)
WARNING: A WEBPACK license was found.
WARNING: Please use Xilinx License Configuration Manager to check out a full ISim license.
WARNING: ISim will run in Lite mode. Please refer to the ISim documentation for more information on the differences between the Lite and the Full version.
This is a Lite version of ISim.
# run 1000 ns
Simulator is doing circuit initialization process.
Finished circuit initialization process.
                  70@fffffffc: $ 0 <= 00000000
                  90@00003000: $28 <= 00000000
                 110@00003004: $29 <= 00000000
                 130@00003008: $30 <= 00000000
                 150@0000300c: $31 <= 00000000
                 170@00003010: $28 <= 00000004
                 190@00003014: $ 1 <= ffff0000
                 210@00003018: $ 1 <= ffffaa99
                 230@0000301c: $ 2 <= 00000000
                 250@00003020: $ 2 <= 0000787f
                 270@00003024: $26 <= 00002318
                 270@00003028: *00000000 <= 00002318
                 310@0000302c: $29 <= 00000004
                 350@00003034: $ 0 <= 00000000
                 370@00003038: $ 4 <= ffff0000
                 390@0000303c: $ 4 <= ffff85dc
                 410@00003040: $ 5 <= ffff0000
                 430@00003044: $ 5 <= ffff83d3
                 450@00003048: $ 0 <= ffff09af
                 450@0000304c: *00000004 <= 00000000
                 490@00003050: $29 <= 00000008
                 530@00003058: $ 0 <= 00000000
                 550@0000305c: $16 <= ffff0000
                 570@00003060: $16 <= ffffd9ef
                 590@00003064: $17 <= ffff0000
                 610@00003068: $17 <= ffff8dcd
                 630@0000306c: $27 <= 00004c22
                 630@00003070: *00000008 <= 00004c22
                 670@00003074: $29 <= 0000000c
                 710@0000307c: $ 0 <= 00000000
                 730@00003080: $ 2 <= ffff0000
                 750@00003084: $ 2 <= fffff12e
                 770@00003088: $19 <= fffff1af
                 770@0000308c: *0000000c <= fffff1af
                 810@00003090: $29 <= 00000010
                 850@00003098: $ 0 <= 00000000
                 870@0000309c: $26 <= ffff0000
                 890@000030a0: $26 <= ffffe2b7
                 910@000030a4: $ 0 <= fffff6b7
                 910@000030a8: *00000010 <= 00000000
                 950@000030ac: $29 <= 00000014
                 990@000030b4: $ 0 <= 00000000
# run 1.00us
                1010@000030b8: $14 <= ffff0000
                1030@000030bc: $14 <= ffffe504
                1050@000030c0: $15 <= 0000085d
                1070@000030c4: $14 <= 00000000
                1070@000030c8: *00000014 <= 00000000
                1110@000030cc: $29 <= 00000018
                1110@000030d0: *00000018 <= 0000085d
                1150@000030d4: $29 <= 0000001c
                1190@000030dc: $ 0 <= 00000000
                1210@000030e0: $19 <= ffff0000
                1230@000030e4: $19 <= ffffd257
                1250@000030e8: $ 8 <= 00007572
                1270@000030ec: $ 8 <= ffff8a8e
                1290@000030f0: $19 <= 00000000
                1290@000030f4: *0000001c <= 00000000
                1330@000030f8: $29 <= 00000020
                1330@000030fc: *00000020 <= ffff8a8e
                1370@00003100: $29 <= 00000024
                1410@00003108: $ 0 <= 00000000
                1430@0000310c: $23 <= ffff0000
                1450@00003110: $23 <= ffff8395
                1470@00003114: $24 <= 000035c9
                1490@00003118: $24 <= ffffca37
                1510@0000311c: $23 <= 00000000
                1510@00003120: *00000024 <= 00000000
                1550@00003124: $29 <= 00000028
                1550@00003128: *00000028 <= ffffca37
                1590@0000312c: $29 <= 0000002c
                1630@00003134: $ 0 <= 00000000
                1650@00003138: $12 <= 00000000
                1670@0000313c: $12 <= 00001733
                1690@00003140: $ 4 <= 00005f49
                1710@00003144: $12 <= 00000000
                1710@00003148: *0000002c <= 00000000
                1750@0000314c: $29 <= 00000030
                1750@00003150: *00000030 <= 00005f49
                1790@00003154: $29 <= 00000034
                1830@0000315c: $ 0 <= 00000000
                1850@00003160: $27 <= ffff0000
                1870@00003164: $27 <= ffff98f4
                1890@00003168: $11 <= 00004038
                1910@0000316c: $11 <= ffffbfc8
                1930@00003170: $27 <= 00000000
                1930@00003174: *00000034 <= 00000000
                1970@00003178: $29 <= 00000038
                1970@0000317c: *00000038 <= ffffbfc8
# run 1.00us
                2010@00003180: $29 <= 0000003c
                2050@00003188: $ 0 <= 00000000
                2070@0000318c: $ 2 <= 00000000
                2090@00003190: $ 2 <= 00002e29
                2110@00003194: $21 <= 000056c7
                2130@00003198: $ 2 <= 00000000
                2130@0000319c: *0000003c <= 00000000
                2170@000031a0: $29 <= 00000040
                2170@000031a4: *00000040 <= 000056c7
                2210@000031a8: $29 <= 00000044
                2250@000031b0: $ 0 <= 00000000
                2270@000031b4: $22 <= ffff0000
                2290@000031b8: $22 <= ffffdb7e
                2310@000031bc: $ 5 <= 000002c9
                2330@000031c0: $ 5 <= fffffd37
                2330@000031c4: *0000002c <= 0000007e
                2350@000031c8: *00000044 <= ffffdb7e
                2390@000031cc: $29 <= 00000048
                2390@000031d0: *00000048 <= fffffd37
                2430@000031d4: $29 <= 0000004c
                2470@000031dc: $ 0 <= 00000000
                2490@000031e0: $25 <= 00000000
                2510@000031e4: $25 <= 00001bac
                2530@000031e8: $17 <= 00006c61
                2550@000031ec: $17 <= ffff939f
                2550@000031f0: *00000078 <= 0000ac00
                2570@000031f4: *0000004c <= 00001bac
                2610@000031f8: $29 <= 00000050
                2610@000031fc: *00000050 <= ffff939f
                2650@00003200: $29 <= 00000054
                2690@00003208: $ 0 <= 00000000
                2710@0000320c: $ 7 <= 00000000
                2730@00003210: $ 7 <= 00002290
                2750@00003214: $ 3 <= 00001941
                2750@00003218: *000000a4 <= 00900000
                2770@0000321c: *00000054 <= 00002290
                2810@00003220: $29 <= 00000058
                2810@00003224: *00000058 <= 00001941
                2850@00003228: $29 <= 0000005c
                2890@00003230: $ 0 <= 00000000
                2910@00003234: $17 <= 00000000
                2930@00003238: $17 <= 00000f93
                2950@0000323c: $20 <= 000012da
                2950@00003240: *000000a4 <= 93900000
                2970@00003244: *0000005c <= 00000f93
# run 1.00us
                3010@00003248: $29 <= 00000060
                3010@0000324c: *00000060 <= 000012da
                3050@00003250: $29 <= 00000064
                3090@00003258: $ 0 <= 00000000
                3110@0000325c: $10 <= 00000000
                3130@00003260: $10 <= 00004cb4
                3150@00003264: $13 <= 00000df3
                3150@00003268: *0000007c <= 00004cb4
                3170@0000326c: *00000064 <= 00004cb4
                3210@00003270: $29 <= 00000068
                3210@00003274: *00000068 <= 00000df3
                3250@00003278: $29 <= 0000006c
                3290@00003280: $ 0 <= 00000000
                3310@00003284: $ 9 <= 00000000
                3330@00003288: $ 9 <= 000064ed
                3350@0000328c: $11 <= 0000375c
                3350@00003290: *000000c8 <= 64ed0000
                3370@00003294: *0000006c <= 000064ed
                3410@00003298: $29 <= 00000070
                3410@0000329c: *00000070 <= 0000375c
                3450@000032a0: $29 <= 00000074
                3490@000032a8: $ 0 <= 00000000
                3510@000032ac: $ 5 <= 00000000
                3530@000032b0: $ 5 <= 00002a25
                3550@000032b4: $22 <= ffff0000
                3570@000032b8: $22 <= ffff9df5
                3590@000032bc: $15 <= ffffc81a
                3590@000032c0: *00000074 <= ffffc81a
                3630@000032c4: $29 <= 00000078
                3670@000032cc: $ 0 <= 00000000
                3690@000032d0: $19 <= 00000000
                3710@000032d4: $19 <= 00005ab2
                3730@000032d8: $ 4 <= 00000000
                3750@000032dc: $ 4 <= 00005fe4
                3770@000032e0: $ 0 <= 0000ba96
                3770@000032e4: *00000078 <= 00000000
                3810@000032e8: $29 <= 0000007c
                3850@000032f0: $ 0 <= 00000000
                3870@000032f4: $ 3 <= 00000000
                3890@000032f8: $ 3 <= 00000595
                3910@000032fc: $18 <= ffff0000
                3930@00003300: $18 <= ffffd204
                3950@00003304: $ 2 <= 00003391
                3950@00003308: *0000007c <= 00003391
                3990@0000330c: $29 <= 00000080
# run 1.00us
                4030@00003314: $ 0 <= 00000000
                4050@00003318: $15 <= 00000000
                4070@0000331c: $15 <= 000007ce
                4090@00003320: $ 6 <= 00000000
                4110@00003324: $ 6 <= 00006c89
                4130@00003328: $ 0 <= ffff9b45
                4130@0000332c: *00000080 <= 00000000
                4170@00003330: $29 <= 00000084
                4210@00003338: $ 0 <= 00000000
                4230@0000333c: $21 <= ffff0000
                4250@00003340: $21 <= ffff8675
                4270@00003344: $ 8 <= ffff0000
                4290@00003348: $ 8 <= ffffaa15
                4310@0000334c: $ 1 <= ffff542a
                4310@00003350: *00000084 <= ffff542a
                4350@00003354: $29 <= 00000088
                4390@0000335c: $ 0 <= 00000000
                4410@00003360: $20 <= ffff0000
                4430@00003364: $20 <= ffff8b2c
                4450@00003368: $10 <= ffff0000
                4470@0000336c: $10 <= ffff952b
                4490@00003370: $ 0 <= b0000000
                4490@00003374: *00000088 <= 00000000
                4530@00003378: $29 <= 0000008c
                4570@00003380: $ 0 <= 00000000
                4590@00003384: $24 <= ffff0000
                4610@00003388: $24 <= ffffc528
                4630@0000338c: $27 <= ffff0000
                4650@00003390: $27 <= ffff8a3e
                4670@00003394: $ 3 <= 0000007f
                4670@00003398: *0000008c <= 0000007f
                4710@0000339c: $29 <= 00000090
                4750@000033a4: $ 0 <= 00000000
                4770@000033a8: $21 <= 00000000
                4790@000033ac: $21 <= 00000b42
                4810@000033b0: $22 <= 00000000
                4830@000033b4: $22 <= 00000656
                4850@000033b8: $ 0 <= 00000000
                4850@000033bc: *00000090 <= 00000000
                4890@000033c0: $29 <= 00000094
                4930@000033c8: $ 0 <= 00000000
                4950@000033cc: $27 <= 00000000
                4970@000033d0: $27 <= 00001c84
                4990@000033d4: $20 <= 00000000
# run 1.00us
                5010@000033d8: $20 <= 00001652
                5030@000033dc: $23 <= 00001400
                5030@000033e0: *00000094 <= 00001400
                5070@000033e4: $29 <= 00000098
                5110@000033ec: $ 0 <= 00000000
                5130@000033f0: $ 5 <= ffff0000
                5150@000033f4: $ 5 <= ffff91d1
                5170@000033f8: $ 7 <= 00000000
                5190@000033fc: $ 7 <= 000014a2
                5210@00003400: $ 0 <= 00001080
                5210@00003404: *00000098 <= 00000000
                5250@00003408: $29 <= 0000009c
                5290@00003410: $ 0 <= 00000000
                5310@00003414: $ 6 <= 00000000
                5330@00003418: $ 6 <= 00002195
                5350@0000341c: $ 3 <= 00000000
                5370@00003420: $ 3 <= 00003204
                5390@00003424: $19 <= 00003395
                5390@00003428: *0000009c <= 00003395
                5430@0000342c: $29 <= 000000a0
                5470@00003434: $ 0 <= 00000000
                5490@00003438: $21 <= 00000000
                5510@0000343c: $21 <= 00003bcd
                5530@00003440: $15 <= 00001e14
                5530@00003444: *000000a0 <= 00001e14
                5570@00003448: $29 <= 000000a4
                5610@00003450: $ 0 <= 00000000
                5630@00003454: $ 1 <= ffff0000
                5650@00003458: $ 1 <= ffffdcaa
                5670@0000345c: $ 0 <= ffffbf8a
                5670@00003460: *000000a4 <= 00000000
                5710@00003464: $29 <= 000000a8
                5750@0000346c: $ 0 <= 00000000
                5770@00003470: $27 <= ffff0000
                5790@00003474: $27 <= ffffe46b
                5810@00003478: $ 1 <= 00006029
                5810@0000347c: *000000a8 <= 00006029
                5850@00003480: $29 <= 000000ac
                5890@00003488: $ 0 <= 00000000
                5910@0000348c: $16 <= ffff0000
                5930@00003490: $16 <= ffffa2ef
                5950@00003494: $27 <= 0000808d
                5950@00003498: *000000ac <= 0000808d
                5990@0000349c: $29 <= 000000b0
# run 1.00us
                6030@000034a4: $ 0 <= 00000000
                6050@000034a8: $ 2 <= ffff0000
                6070@000034ac: $ 2 <= ffff9c8e
                6090@000034b0: $ 0 <= 0000888a
                6090@000034b4: *000000b0 <= 00000000
                6130@000034b8: $29 <= 000000b4
                6170@000034c0: $ 0 <= 00000000
                6190@000034c4: $11 <= 00000000
                6210@000034c8: $11 <= 00003226
                6230@000034cc: $ 1 <= 00007b35
                6230@000034d0: *000000b4 <= 00007b35
                6270@000034d4: $29 <= 000000b8
                6310@000034dc: $ 0 <= 00000000
                6330@000034e0: $14 <= 00000000
                6350@000034e4: $14 <= 00002cb5
                6370@000034e8: $ 5 <= ffff0000
                6390@000034ec: $ 5 <= ffffafef
                6410@000034f0: $ 0 <= 00000000
                6410@000034f4: *000000b8 <= 00000000
                6450@000034f8: $29 <= 000000bc
                6490@00003500: $ 0 <= 00000000
                6510@00003504: $16 <= ffff0000
                6530@00003508: $16 <= ffff92f5
                6550@0000350c: $17 <= 00000001
                6550@00003510: *000000bc <= 00000001
                6590@00003514: $29 <= 000000c0
                6630@0000351c: $ 0 <= 00000000
                6650@00003520: $ 6 <= ffff0000
                6670@00003524: $ 6 <= ffff997e
                6690@00003528: $15 <= 00000000
                6690@0000352c: *000000c0 <= 00000000
                6730@00003530: $29 <= 000000c4
                6770@00003538: $ 0 <= 00000000
                6790@0000353c: $ 9 <= ffff0000
                6810@00003540: $ 9 <= ffff9783
                6830@00003544: $ 3 <= 00000001
                6830@00003548: *000000c4 <= 00000001
                6870@0000354c: $29 <= 000000c8
                6910@00003554: $ 0 <= 00000000
                6930@00003558: $21 <= 00000000
                6950@0000355c: $21 <= 00000c7a
                6970@00003560: $ 0 <= 00000001
                6970@00003564: *000000c8 <= 00000000
# run 1.00us
                7010@00003568: $29 <= 000000cc
                7050@00003570: $ 0 <= 00000000
                7070@00003574: $ 5 <= ffff0000
                7090@00003578: $ 5 <= ffffe441
                7110@0000357c: $14 <= 00000000
                7130@00003580: $14 <= 00001876
                7150@00003584: $21 <= 00000000
                7150@00003588: *000000cc <= 00000000
                7190@0000358c: $29 <= 000000d0
                7230@00003594: $ 0 <= 00000000
                7250@00003598: $13 <= ffff0000
                7270@0000359c: $13 <= ffff97eb
                7290@000035a0: $ 7 <= 00000000
                7310@000035a4: $ 7 <= 00000adb
                7330@000035a8: $ 0 <= 00000000
                7330@000035ac: *000000d0 <= 00000000
                7370@000035b0: $29 <= 000000d4
                7410@000035b8: $ 0 <= 00000000
                7430@000035bc: $ 9 <= 00000000
                7450@000035c0: $ 9 <= 00001227
                7470@000035c4: $24 <= 00000000
                7490@000035c8: $24 <= 00006e19
                7550@000035d0: $ 0 <= 00000000
                7570@000035ec: $ 0 <= 00000000
                7610@000035f4: $ 0 <= 00000000
                7610@000035d4: *000000d4 <= 00001227
                7650@000035d8: $29 <= 000000d8
                7650@000035dc: *000000d8 <= 00006e19
                7690@000035e0: $29 <= 000000dc
                7730@000035e8: $ 0 <= 00000000
                7750@000035f8: $11 <= 00000000
                7770@000035fc: $11 <= 000010e0
                7790@00003600: $11 <= ffff0000
                7810@00003604: $11 <= ffffaf57
                7870@0000360c: $ 0 <= 00000000
                7870@00003610: *000000dc <= ffffaf57
                7910@00003614: $29 <= 000000e0
                7910@00003618: *000000e0 <= ffffaf57
                7950@0000361c: $29 <= 000000e4
                7990@00003624: $ 0 <= 00000000
# run 1.00us
                8010@00003634: $27 <= 00000000
                8030@00003638: $27 <= 00005a2e
                8090@00003640: $ 0 <= 00000000
                8090@00003644: *000000e4 <= 00005a2e
                8130@00003648: $29 <= 000000e8
                8170@00003650: $ 0 <= 00000000
                8190@00003660: $27 <= ffff0000
                8210@00003664: $27 <= ffff992f
                8270@0000366c: $ 0 <= 00000000
                8290@00003680: $30 <= 00000008
                8330@00003688: $ 0 <= 00000000
                8330@00003670: *000000e8 <= ffff992f
                8370@00003674: $29 <= 000000ec
                8410@0000367c: $ 0 <= 00000000
                8430@0000368c: $ 0 <= 00000000
                8450@00003690: $ 0 <= 00007f6e
                8510@00003698: $ 0 <= 00000000
                8530@000036ac: $30 <= 00000008
                8570@000036b4: $ 0 <= 00000000
                8570@0000369c: *000000ec <= 00000000
                8610@000036a0: $29 <= 000000f0
                8650@000036a8: $ 0 <= 00000000
                8670@000036b8: $20 <= 00000000
                8690@000036bc: $20 <= 00004b0d
                8750@000036c4: $ 0 <= 00000000
                8770@000036d8: $ 0 <= 00000000
                8810@000036e0: $ 0 <= 00000000
                8810@000036c8: *000000f0 <= 00004b0d
                8850@000036cc: $29 <= 000000f4
                8890@000036d4: $ 0 <= 00000000
                8910@000036e4: $20 <= ffff0000
                8930@000036e8: $20 <= ffff9907
                8990@000036f0: $ 0 <= 00000000
                8990@000036f4: *000000f4 <= ffff9907
# run 1.00us
                9030@000036f8: $29 <= 000000f8
                9070@00003700: $ 0 <= 00000000
                9090@00003710: $ 0 <= 00000000
                9110@00003714: $ 0 <= 00005e4d
                9170@0000371c: $ 0 <= 00000000
                9170@00003720: *000000f8 <= 00000000
                9210@00003724: $29 <= 000000fc
                9250@0000372c: $ 0 <= 00000000
                9270@0000373c: $23 <= 00000000
                9290@00003740: $23 <= 00006bda
                9350@00003748: $ 0 <= 00000000
                9350@0000374c: *000000fc <= 00006bda
                9390@00003750: $29 <= 00000100
                9430@00003758: $ 0 <= 00000000
                9450@00003768: $23 <= ffff0000
                9470@0000376c: $23 <= ffffeb69
                9530@00003774: $ 0 <= 00000000
                9550@00003788: $30 <= 00000008
                9590@00003790: $ 0 <= 00000000
                9590@00003778: *00000100 <= ffffeb69
                9630@0000377c: $29 <= 00000104
                9670@00003784: $ 0 <= 00000000
                9690@00003794: $ 0 <= 00000000
                9710@00003798: $ 0 <= 0000784a
                9770@000037a0: $ 0 <= 00000000
                9770@000037a4: *00000104 <= 00000000
                9810@000037a8: $29 <= 00000108
                9850@000037b0: $ 0 <= 00000000
                9870@000037c0: $26 <= 00000000
                9890@000037c4: $26 <= 00002c79
                9950@000037cc: $ 0 <= 00000000
                9970@000037e0: $30 <= 00000008
# run 1.00us
               10010@000037e8: $ 0 <= 00000000
               10010@000037d0: *00000108 <= 00002c79
               10050@000037d4: $29 <= 0000010c
               10090@000037dc: $ 0 <= 00000000
               10110@000037ec: $26 <= ffff0000
               10130@000037f0: $26 <= fffff4aa
               10190@000037f8: $ 0 <= 00000000
               10190@000037fc: *0000010c <= fffff4aa
               10230@00003800: $29 <= 00000110
               10270@00003808: $ 0 <= 00000000
               10290@00003818: $ 0 <= 00000000
               10310@0000381c: $ 0 <= 000077a5
               10370@00003824: $ 0 <= 00000000
               10390@00003838: $30 <= 00000008
               10430@00003840: $ 0 <= 00000000
               10430@00003828: *00000110 <= 00000000
               10470@0000382c: $29 <= 00000114
               10510@00003834: $ 0 <= 00000000
               10550@00003848: $ 0 <= 00000000
               10570@00003860: $31 <= 00003868
               10590@00003864: $ 0 <= 00000000
               10610@0000384c: $13 <= 00003868
               10650@00003850: $12 <= 00003858
               10670@00003854: $ 0 <= 00000000
               10690@00003868: $30 <= 00000008
               10730@00003870: $ 0 <= 00000000
               10770@0000385c: $ 0 <= 00000000
               10790@00003874: $ 1 <= 24f60000
               10810@00003878: $ 1 <= 24f6c67f
               10830@0000387c: $27 <= 01d50000
               10850@00003880: $27 <= 01d5d30e
# run 1.00us
               11010@0000388c: $ 0 <= 00000000
               11030@00003890: $15 <= 08bd0000
               11050@00003894: $15 <= 08bdb6ce
               11070@00003898: $25 <= dea90000
               11090@0000389c: $25 <= dea989cc
               11250@000038a8: $ 0 <= 00000000
               11270@000038ac: $ 2 <= a5240000
               11290@000038b0: $ 2 <= a524abdb
               11310@000038b4: $ 0 <= 86c90000
               11330@000038b8: $ 0 <= 0000941e
               11390@000038c4: $ 0 <= 00000000
               11410@000038c8: $10 <= 97300000
               11430@000038cc: $10 <= 9730c54b
               11450@000038d0: $ 0 <= 5f990000
               11470@000038d4: $ 0 <= 0000c14a
               11530@000038e0: $ 0 <= 00000000
               11550@000038e4: $ 0 <= 00000000
# run 1.00us
# run 1.00us
# run 1.00us
# run 1.00us
ISim P.20131013 (signature 0x7708f090)
WARNING: A WEBPACK license was found.
WARNING: Please use Xilinx License Configuration Manager to check out a full ISim license.
WARNING: ISim will run in Lite mode. Please refer to the ISim documentation for more information on the differences between the Lite and the Full version.
This is a Lite version of ISim.
# run 1000 ns
Simulator is doing circuit initialization process.
Finished circuit initialization process.
                  70@fffffffc: $ 0 <= 00000000
                  90@00003000: $28 <= 00000000
                 110@00003004: $29 <= 00000000
                 130@00003008: $30 <= 00000000
                 150@0000300c: $31 <= 00000000
                 170@00003010: $28 <= 00000004
                 190@00003014: $ 1 <= ffff0000
                 210@00003018: $ 1 <= ffffaa99
                 230@0000301c: $ 2 <= 00000000
                 250@00003020: $ 2 <= 0000787f
                 270@00003024: $26 <= 00002318
                 270@00003028: *00000000 <= 00002318
                 310@0000302c: $29 <= 00000004
                 350@00003034: $ 0 <= 00000000
                 370@00003038: $ 4 <= ffff0000
                 390@0000303c: $ 4 <= ffff85dc
                 410@00003040: $ 5 <= ffff0000
                 430@00003044: $ 5 <= ffff83d3
                 450@00003048: $ 0 <= ffff09af
                 450@0000304c: *00000004 <= 00000000
                 490@00003050: $29 <= 00000008
                 530@00003058: $ 0 <= 00000000
                 550@0000305c: $16 <= ffff0000
                 570@00003060: $16 <= ffffd9ef
                 590@00003064: $17 <= ffff0000
                 610@00003068: $17 <= ffff8dcd
                 630@0000306c: $27 <= 00004c22
                 630@00003070: *00000008 <= 00004c22
                 670@00003074: $29 <= 0000000c
                 710@0000307c: $ 0 <= 00000000
                 730@00003080: $ 2 <= ffff0000
                 750@00003084: $ 2 <= fffff12e
                 770@00003088: $19 <= fffff1af
                 770@0000308c: *0000000c <= fffff1af
                 810@00003090: $29 <= 00000010
                 850@00003098: $ 0 <= 00000000
                 870@0000309c: $26 <= ffff0000
                 890@000030a0: $26 <= ffffe2b7
                 910@000030a4: $ 0 <= fffff6b7
                 910@000030a8: *00000010 <= 00000000
                 950@000030ac: $29 <= 00000014
                 990@000030b4: $ 0 <= 00000000
# run 1.00us
                1010@000030b8: $14 <= ffff0000
                1030@000030bc: $14 <= ffffe504
                1050@000030c0: $15 <= 0000085d
                1070@000030c4: $14 <= 00000000
                1070@000030c8: *00000014 <= 00000000
                1110@000030cc: $29 <= 00000018
                1110@000030d0: *00000018 <= 0000085d
                1150@000030d4: $29 <= 0000001c
                1190@000030dc: $ 0 <= 00000000
                1210@000030e0: $19 <= ffff0000
                1230@000030e4: $19 <= ffffd257
                1250@000030e8: $ 8 <= 00007572
                1270@000030ec: $ 8 <= ffff8a8e
                1290@000030f0: $19 <= 00000000
                1290@000030f4: *0000001c <= 00000000
                1330@000030f8: $29 <= 00000020
                1330@000030fc: *00000020 <= ffff8a8e
                1370@00003100: $29 <= 00000024
                1410@00003108: $ 0 <= 00000000
                1430@0000310c: $23 <= ffff0000
                1450@00003110: $23 <= ffff8395
                1470@00003114: $24 <= 000035c9
                1490@00003118: $24 <= ffffca37
                1510@0000311c: $23 <= 00000000
                1510@00003120: *00000024 <= 00000000
                1550@00003124: $29 <= 00000028
                1550@00003128: *00000028 <= ffffca37
                1590@0000312c: $29 <= 0000002c
                1630@00003134: $ 0 <= 00000000
                1650@00003138: $12 <= 00000000
                1670@0000313c: $12 <= 00001733
                1690@00003140: $ 4 <= 00005f49
                1710@00003144: $12 <= 00000000
                1710@00003148: *0000002c <= 00000000
                1750@0000314c: $29 <= 00000030
                1750@00003150: *00000030 <= 00005f49
                1790@00003154: $29 <= 00000034
                1830@0000315c: $ 0 <= 00000000
                1850@00003160: $27 <= ffff0000
                1870@00003164: $27 <= ffff98f4
                1890@00003168: $11 <= 00004038
                1910@0000316c: $11 <= ffffbfc8
                1930@00003170: $27 <= 00000000
                1930@00003174: *00000034 <= 00000000
                1970@00003178: $29 <= 00000038
                1970@0000317c: *00000038 <= ffffbfc8
# run 1.00us
                2010@00003180: $29 <= 0000003c
                2050@00003188: $ 0 <= 00000000
                2070@0000318c: $ 2 <= 00000000
                2090@00003190: $ 2 <= 00002e29
                2110@00003194: $21 <= 000056c7
                2130@00003198: $ 2 <= 00000000
                2130@0000319c: *0000003c <= 00000000
                2170@000031a0: $29 <= 00000040
                2170@000031a4: *00000040 <= 000056c7
                2210@000031a8: $29 <= 00000044
                2250@000031b0: $ 0 <= 00000000
                2270@000031b4: $22 <= ffff0000
                2290@000031b8: $22 <= ffffdb7e
                2310@000031bc: $ 5 <= 000002c9
                2330@000031c0: $ 5 <= fffffd37
                2330@000031c4: *0000002c <= 0000007e
                2350@000031c8: *00000044 <= ffffdb7e
                2390@000031cc: $29 <= 00000048
                2390@000031d0: *00000048 <= fffffd37
                2430@000031d4: $29 <= 0000004c
                2470@000031dc: $ 0 <= 00000000
                2490@000031e0: $25 <= 00000000
                2510@000031e4: $25 <= 00001bac
                2530@000031e8: $17 <= 00006c61
                2550@000031ec: $17 <= ffff939f
                2550@000031f0: *00000078 <= 0000ac00
                2570@000031f4: *0000004c <= 00001bac
                2610@000031f8: $29 <= 00000050
                2610@000031fc: *00000050 <= ffff939f
                2650@00003200: $29 <= 00000054
                2690@00003208: $ 0 <= 00000000
                2710@0000320c: $ 7 <= 00000000
                2730@00003210: $ 7 <= 00002290
                2750@00003214: $ 3 <= 00001941
                2750@00003218: *000000a4 <= 00900000
                2770@0000321c: *00000054 <= 00002290
                2810@00003220: $29 <= 00000058
                2810@00003224: *00000058 <= 00001941
                2850@00003228: $29 <= 0000005c
                2890@00003230: $ 0 <= 00000000
                2910@00003234: $17 <= 00000000
                2930@00003238: $17 <= 00000f93
                2950@0000323c: $20 <= 000012da
                2950@00003240: *000000a4 <= 93900000
                2970@00003244: *0000005c <= 00000f93
# run 1.00us
                3010@00003248: $29 <= 00000060
                3010@0000324c: *00000060 <= 000012da
                3050@00003250: $29 <= 00000064
                3090@00003258: $ 0 <= 00000000
                3110@0000325c: $10 <= 00000000
                3130@00003260: $10 <= 00004cb4
                3150@00003264: $13 <= 00000df3
                3150@00003268: *0000007c <= 00004cb4
                3170@0000326c: *00000064 <= 00004cb4
                3210@00003270: $29 <= 00000068
                3210@00003274: *00000068 <= 00000df3
                3250@00003278: $29 <= 0000006c
                3290@00003280: $ 0 <= 00000000
                3310@00003284: $ 9 <= 00000000
                3330@00003288: $ 9 <= 000064ed
                3350@0000328c: $11 <= 0000375c
                3350@00003290: *000000c8 <= 64ed0000
                3370@00003294: *0000006c <= 000064ed
                3410@00003298: $29 <= 00000070
                3410@0000329c: *00000070 <= 0000375c
                3450@000032a0: $29 <= 00000074
                3490@000032a8: $ 0 <= 00000000
                3510@000032ac: $ 5 <= 00000000
                3530@000032b0: $ 5 <= 00002a25
                3550@000032b4: $22 <= ffff0000
                3570@000032b8: $22 <= ffff9df5
                3590@000032bc: $15 <= ffffc81a
                3590@000032c0: *00000074 <= ffffc81a
                3630@000032c4: $29 <= 00000078
                3670@000032cc: $ 0 <= 00000000
                3690@000032d0: $19 <= 00000000
                3710@000032d4: $19 <= 00005ab2
                3730@000032d8: $ 4 <= 00000000
                3750@000032dc: $ 4 <= 00005fe4
                3770@000032e0: $ 0 <= 0000ba96
                3770@000032e4: *00000078 <= 00000000
                3810@000032e8: $29 <= 0000007c
                3850@000032f0: $ 0 <= 00000000
                3870@000032f4: $ 3 <= 00000000
                3890@000032f8: $ 3 <= 00000595
                3910@000032fc: $18 <= ffff0000
                3930@00003300: $18 <= ffffd204
                3950@00003304: $ 2 <= 00003391
                3950@00003308: *0000007c <= 00003391
                3990@0000330c: $29 <= 00000080
# run 1.00us
                4030@00003314: $ 0 <= 00000000
                4050@00003318: $15 <= 00000000
                4070@0000331c: $15 <= 000007ce
                4090@00003320: $ 6 <= 00000000
                4110@00003324: $ 6 <= 00006c89
                4130@00003328: $ 0 <= ffff9b45
                4130@0000332c: *00000080 <= 00000000
                4170@00003330: $29 <= 00000084
                4210@00003338: $ 0 <= 00000000
                4230@0000333c: $21 <= ffff0000
                4250@00003340: $21 <= ffff8675
                4270@00003344: $ 8 <= ffff0000
                4290@00003348: $ 8 <= ffffaa15
                4310@0000334c: $ 1 <= ffff542a
                4310@00003350: *00000084 <= ffff542a
                4350@00003354: $29 <= 00000088
                4390@0000335c: $ 0 <= 00000000
                4410@00003360: $20 <= ffff0000
                4430@00003364: $20 <= ffff8b2c
                4450@00003368: $10 <= ffff0000
                4470@0000336c: $10 <= ffff952b
                4490@00003370: $ 0 <= b0000000
                4490@00003374: *00000088 <= 00000000
                4530@00003378: $29 <= 0000008c
                4570@00003380: $ 0 <= 00000000
                4590@00003384: $24 <= ffff0000
                4610@00003388: $24 <= ffffc528
                4630@0000338c: $27 <= ffff0000
                4650@00003390: $27 <= ffff8a3e
                4670@00003394: $ 3 <= 0000007f
                4670@00003398: *0000008c <= 0000007f
                4710@0000339c: $29 <= 00000090
                4750@000033a4: $ 0 <= 00000000
                4770@000033a8: $21 <= 00000000
                4790@000033ac: $21 <= 00000b42
                4810@000033b0: $22 <= 00000000
                4830@000033b4: $22 <= 00000656
                4850@000033b8: $ 0 <= 00000000
                4850@000033bc: *00000090 <= 00000000
                4890@000033c0: $29 <= 00000094
                4930@000033c8: $ 0 <= 00000000
                4950@000033cc: $27 <= 00000000
                4970@000033d0: $27 <= 00001c84
                4990@000033d4: $20 <= 00000000
# run 1.00us
                5010@000033d8: $20 <= 00001652
                5030@000033dc: $23 <= 00001400
                5030@000033e0: *00000094 <= 00001400
                5070@000033e4: $29 <= 00000098
                5110@000033ec: $ 0 <= 00000000
                5130@000033f0: $ 5 <= ffff0000
                5150@000033f4: $ 5 <= ffff91d1
                5170@000033f8: $ 7 <= 00000000
                5190@000033fc: $ 7 <= 000014a2
                5210@00003400: $ 0 <= 00001080
                5210@00003404: *00000098 <= 00000000
                5250@00003408: $29 <= 0000009c
                5290@00003410: $ 0 <= 00000000
                5310@00003414: $ 6 <= 00000000
                5330@00003418: $ 6 <= 00002195
                5350@0000341c: $ 3 <= 00000000
                5370@00003420: $ 3 <= 00003204
                5390@00003424: $19 <= 00003395
                5390@00003428: *0000009c <= 00003395
                5430@0000342c: $29 <= 000000a0
                5470@00003434: $ 0 <= 00000000
                5490@00003438: $21 <= 00000000
                5510@0000343c: $21 <= 00003bcd
                5530@00003440: $15 <= 00001e14
                5530@00003444: *000000a0 <= 00001e14
                5570@00003448: $29 <= 000000a4
                5610@00003450: $ 0 <= 00000000
                5630@00003454: $ 1 <= ffff0000
                5650@00003458: $ 1 <= ffffdcaa
                5670@0000345c: $ 0 <= ffffbf8a
                5670@00003460: *000000a4 <= 00000000
                5710@00003464: $29 <= 000000a8
                5750@0000346c: $ 0 <= 00000000
                5770@00003470: $27 <= ffff0000
                5790@00003474: $27 <= ffffe46b
                5810@00003478: $ 1 <= 00006029
                5810@0000347c: *000000a8 <= 00006029
                5850@00003480: $29 <= 000000ac
                5890@00003488: $ 0 <= 00000000
                5910@0000348c: $16 <= ffff0000
                5930@00003490: $16 <= ffffa2ef
                5950@00003494: $27 <= 0000808d
                5950@00003498: *000000ac <= 0000808d
                5990@0000349c: $29 <= 000000b0
# run 1.00us
                6030@000034a4: $ 0 <= 00000000
                6050@000034a8: $ 2 <= ffff0000
                6070@000034ac: $ 2 <= ffff9c8e
                6090@000034b0: $ 0 <= 0000888a
                6090@000034b4: *000000b0 <= 00000000
                6130@000034b8: $29 <= 000000b4
                6170@000034c0: $ 0 <= 00000000
                6190@000034c4: $11 <= 00000000
                6210@000034c8: $11 <= 00003226
                6230@000034cc: $ 1 <= 00007b35
                6230@000034d0: *000000b4 <= 00007b35
                6270@000034d4: $29 <= 000000b8
                6310@000034dc: $ 0 <= 00000000
                6330@000034e0: $14 <= 00000000
                6350@000034e4: $14 <= 00002cb5
                6370@000034e8: $ 5 <= ffff0000
                6390@000034ec: $ 5 <= ffffafef
                6410@000034f0: $ 0 <= 00000000
                6410@000034f4: *000000b8 <= 00000000
                6450@000034f8: $29 <= 000000bc
                6490@00003500: $ 0 <= 00000000
                6510@00003504: $16 <= ffff0000
                6530@00003508: $16 <= ffff92f5
                6550@0000350c: $17 <= 00000001
                6550@00003510: *000000bc <= 00000001
                6590@00003514: $29 <= 000000c0
                6630@0000351c: $ 0 <= 00000000
                6650@00003520: $ 6 <= ffff0000
                6670@00003524: $ 6 <= ffff997e
                6690@00003528: $15 <= 00000000
                6690@0000352c: *000000c0 <= 00000000
                6730@00003530: $29 <= 000000c4
                6770@00003538: $ 0 <= 00000000
                6790@0000353c: $ 9 <= ffff0000
                6810@00003540: $ 9 <= ffff9783
                6830@00003544: $ 3 <= 00000001
                6830@00003548: *000000c4 <= 00000001
                6870@0000354c: $29 <= 000000c8
                6910@00003554: $ 0 <= 00000000
                6930@00003558: $21 <= 00000000
                6950@0000355c: $21 <= 00000c7a
                6970@00003560: $ 0 <= 00000001
                6970@00003564: *000000c8 <= 00000000
# run 1.00us
                7010@00003568: $29 <= 000000cc
                7050@00003570: $ 0 <= 00000000
                7070@00003574: $ 5 <= ffff0000
                7090@00003578: $ 5 <= ffffe441
                7110@0000357c: $14 <= 00000000
                7130@00003580: $14 <= 00001876
                7150@00003584: $21 <= 00000000
                7150@00003588: *000000cc <= 00000000
                7190@0000358c: $29 <= 000000d0
                7230@00003594: $ 0 <= 00000000
                7250@00003598: $13 <= ffff0000
                7270@0000359c: $13 <= ffff97eb
                7290@000035a0: $ 7 <= 00000000
                7310@000035a4: $ 7 <= 00000adb
                7330@000035a8: $ 0 <= 00000000
                7330@000035ac: *000000d0 <= 00000000
                7370@000035b0: $29 <= 000000d4
                7410@000035b8: $ 0 <= 00000000
                7430@000035bc: $ 9 <= 00000000
                7450@000035c0: $ 9 <= 00001227
                7470@000035c4: $24 <= 00000000
                7490@000035c8: $24 <= 00006e19
                7550@000035d0: $ 0 <= 00000000
                7570@000035ec: $ 0 <= 00000000
                7610@000035f4: $ 0 <= 00000000
                7610@000035d4: *000000d4 <= 00001227
                7650@000035d8: $29 <= 000000d8
                7650@000035dc: *000000d8 <= 00006e19
                7690@000035e0: $29 <= 000000dc
                7730@000035e8: $ 0 <= 00000000
                7750@000035f8: $11 <= 00000000
                7770@000035fc: $11 <= 000010e0
                7790@00003600: $11 <= ffff0000
                7810@00003604: $11 <= ffffaf57
                7870@0000360c: $ 0 <= 00000000
                7870@00003610: *000000dc <= ffffaf57
                7910@00003614: $29 <= 000000e0
                7910@00003618: *000000e0 <= ffffaf57
                7950@0000361c: $29 <= 000000e4
                7990@00003624: $ 0 <= 00000000
# run 1.00us
                8010@00003634: $27 <= 00000000
                8030@00003638: $27 <= 00005a2e
                8090@00003640: $ 0 <= 00000000
                8090@00003644: *000000e4 <= 00005a2e
                8130@00003648: $29 <= 000000e8
                8170@00003650: $ 0 <= 00000000
                8190@00003660: $27 <= ffff0000
                8210@00003664: $27 <= ffff992f
                8270@0000366c: $ 0 <= 00000000
                8290@00003680: $30 <= 00000008
                8330@00003688: $ 0 <= 00000000
                8330@00003670: *000000e8 <= ffff992f
                8370@00003674: $29 <= 000000ec
                8410@0000367c: $ 0 <= 00000000
                8430@0000368c: $ 0 <= 00000000
                8450@00003690: $ 0 <= 00007f6e
                8510@00003698: $ 0 <= 00000000
                8530@000036ac: $30 <= 00000008
                8570@000036b4: $ 0 <= 00000000
                8570@0000369c: *000000ec <= 00000000
                8610@000036a0: $29 <= 000000f0
                8650@000036a8: $ 0 <= 00000000
                8670@000036b8: $20 <= 00000000
                8690@000036bc: $20 <= 00004b0d
                8750@000036c4: $ 0 <= 00000000
                8770@000036d8: $ 0 <= 00000000
                8810@000036e0: $ 0 <= 00000000
                8810@000036c8: *000000f0 <= 00004b0d
                8850@000036cc: $29 <= 000000f4
                8890@000036d4: $ 0 <= 00000000
                8910@000036e4: $20 <= ffff0000
                8930@000036e8: $20 <= ffff9907
                8990@000036f0: $ 0 <= 00000000
                8990@000036f4: *000000f4 <= ffff9907
# run 1.00us
                9030@000036f8: $29 <= 000000f8
                9070@00003700: $ 0 <= 00000000
                9090@00003710: $ 0 <= 00000000
                9110@00003714: $ 0 <= 00005e4d
                9170@0000371c: $ 0 <= 00000000
                9170@00003720: *000000f8 <= 00000000
                9210@00003724: $29 <= 000000fc
                9250@0000372c: $ 0 <= 00000000
                9270@0000373c: $23 <= 00000000
                9290@00003740: $23 <= 00006bda
                9350@00003748: $ 0 <= 00000000
                9350@0000374c: *000000fc <= 00006bda
                9390@00003750: $29 <= 00000100
                9430@00003758: $ 0 <= 00000000
                9450@00003768: $23 <= ffff0000
                9470@0000376c: $23 <= ffffeb69
                9530@00003774: $ 0 <= 00000000
                9550@00003788: $30 <= 00000008
                9590@00003790: $ 0 <= 00000000
                9590@00003778: *00000100 <= ffffeb69
                9630@0000377c: $29 <= 00000104
                9670@00003784: $ 0 <= 00000000
                9690@00003794: $ 0 <= 00000000
                9710@00003798: $ 0 <= 0000784a
                9770@000037a0: $ 0 <= 00000000
                9770@000037a4: *00000104 <= 00000000
                9810@000037a8: $29 <= 00000108
                9850@000037b0: $ 0 <= 00000000
                9870@000037c0: $26 <= 00000000
                9890@000037c4: $26 <= 00002c79
                9950@000037cc: $ 0 <= 00000000
                9970@000037e0: $30 <= 00000008
# run 1.00us
               10010@000037e8: $ 0 <= 00000000
               10010@000037d0: *00000108 <= 00002c79
               10050@000037d4: $29 <= 0000010c
               10090@000037dc: $ 0 <= 00000000
               10110@000037ec: $26 <= ffff0000
               10130@000037f0: $26 <= fffff4aa
               10190@000037f8: $ 0 <= 00000000
               10190@000037fc: *0000010c <= fffff4aa
               10230@00003800: $29 <= 00000110
               10270@00003808: $ 0 <= 00000000
               10290@00003818: $ 0 <= 00000000
               10310@0000381c: $ 0 <= 000077a5
               10370@00003824: $ 0 <= 00000000
               10390@00003838: $30 <= 00000008
               10430@00003840: $ 0 <= 00000000
               10430@00003828: *00000110 <= 00000000
               10470@0000382c: $29 <= 00000114
               10510@00003834: $ 0 <= 00000000
               10550@00003848: $ 0 <= 00000000
               10570@00003860: $31 <= 00003868
               10590@00003864: $ 0 <= 00000000
               10610@0000384c: $13 <= 00003868
               10650@00003850: $12 <= 00003858
               10670@00003854: $ 0 <= 00000000
               10690@00003868: $30 <= 00000008
               10730@00003870: $ 0 <= 00000000
               10770@0000385c: $ 0 <= 00000000
               10790@00003874: $ 1 <= 24f60000
               10810@00003878: $ 1 <= 24f6c67f
               10830@0000387c: $27 <= 01d50000
               10850@00003880: $27 <= 01d5d30e
# run 1.00us
               11010@0000388c: $ 0 <= 00000000
               11030@00003890: $15 <= 08bd0000
               11050@00003894: $15 <= 08bdb6ce
               11070@00003898: $25 <= dea90000
               11090@0000389c: $25 <= dea989cc
               11250@000038a8: $ 0 <= 00000000
               11270@000038ac: $ 2 <= a5240000
               11290@000038b0: $ 2 <= a524abdb
               11310@000038b4: $ 0 <= 86c90000
               11330@000038b8: $ 0 <= 0000941e
               11390@000038c4: $ 0 <= 00000000
               11410@000038c8: $10 <= 97300000
               11430@000038cc: $10 <= 9730c54b
               11450@000038d0: $ 0 <= 5f990000
               11470@000038d4: $ 0 <= 0000c14a
               11530@000038e0: $ 0 <= 00000000
               11550@000038e4: $ 0 <= 00000000
# run 1.00us
# run 1.00us
# run 1.00us
ISim P.20131013 (signature 0x7708f090)
WARNING: A WEBPACK license was found.
WARNING: Please use Xilinx License Configuration Manager to check out a full ISim license.
WARNING: ISim will run in Lite mode. Please refer to the ISim documentation for more information on the differences between the Lite and the Full version.
This is a Lite version of ISim.
# run 1000 ns
Simulator is doing circuit initialization process.
Finished circuit initialization process.
                  90@00003000: $28 <= 00000000
                 110@00003004: $29 <= 00000000
                 130@00003008: $30 <= 00000000
                 150@0000300c: $31 <= 00000000
                 170@00003010: $28 <= 00000004
                 190@00003014: $ 1 <= ffff0000
                 210@00003018: $ 1 <= ffffaa99
                 230@0000301c: $ 2 <= 00000000
                 250@00003020: $ 2 <= 0000787f
                 270@00003024: $26 <= 00002318
                 270@00003028: *00000000 <= 00002318
                 310@0000302c: $29 <= 00000004
                 370@00003038: $ 4 <= ffff0000
                 390@0000303c: $ 4 <= ffff85dc
                 410@00003040: $ 5 <= ffff0000
                 430@00003044: $ 5 <= ffff83d3
                 450@0000304c: *00000004 <= 00000000
                 490@00003050: $29 <= 00000008
                 550@0000305c: $16 <= ffff0000
                 570@00003060: $16 <= ffffd9ef
                 590@00003064: $17 <= ffff0000
                 610@00003068: $17 <= ffff8dcd
                 630@0000306c: $27 <= 00004c22
                 630@00003070: *00000008 <= 00004c22
                 670@00003074: $29 <= 0000000c
                 730@00003080: $ 2 <= ffff0000
                 750@00003084: $ 2 <= fffff12e
                 770@00003088: $19 <= fffff1af
                 770@0000308c: *0000000c <= fffff1af
                 810@00003090: $29 <= 00000010
                 870@0000309c: $26 <= ffff0000
                 890@000030a0: $26 <= ffffe2b7
                 910@000030a8: *00000010 <= 00000000
                 950@000030ac: $29 <= 00000014
# run 1.00us
                1010@000030b8: $14 <= ffff0000
                1030@000030bc: $14 <= ffffe504
                1050@000030c0: $15 <= 0000085d
                1070@000030c4: $14 <= 00000000
                1070@000030c8: *00000014 <= 00000000
                1110@000030cc: $29 <= 00000018
                1110@000030d0: *00000018 <= 0000085d
                1150@000030d4: $29 <= 0000001c
                1210@000030e0: $19 <= ffff0000
                1230@000030e4: $19 <= ffffd257
                1250@000030e8: $ 8 <= 00007572
                1270@000030ec: $ 8 <= ffff8a8e
                1290@000030f0: $19 <= 00000000
                1290@000030f4: *0000001c <= 00000000
                1330@000030f8: $29 <= 00000020
                1330@000030fc: *00000020 <= ffff8a8e
                1370@00003100: $29 <= 00000024
                1430@0000310c: $23 <= ffff0000
                1450@00003110: $23 <= ffff8395
                1470@00003114: $24 <= 000035c9
                1490@00003118: $24 <= ffffca37
                1510@0000311c: $23 <= 00000000
                1510@00003120: *00000024 <= 00000000
                1550@00003124: $29 <= 00000028
                1550@00003128: *00000028 <= ffffca37
                1590@0000312c: $29 <= 0000002c
                1650@00003138: $12 <= 00000000
                1670@0000313c: $12 <= 00001733
                1690@00003140: $ 4 <= 00005f49
                1710@00003144: $12 <= 00000000
                1710@00003148: *0000002c <= 00000000
                1750@0000314c: $29 <= 00000030
                1750@00003150: *00000030 <= 00005f49
                1790@00003154: $29 <= 00000034
                1850@00003160: $27 <= ffff0000
                1870@00003164: $27 <= ffff98f4
                1890@00003168: $11 <= 00004038
                1910@0000316c: $11 <= ffffbfc8
                1930@00003170: $27 <= 00000000
                1930@00003174: *00000034 <= 00000000
                1970@00003178: $29 <= 00000038
                1970@0000317c: *00000038 <= ffffbfc8
# run 1.00us
                2010@00003180: $29 <= 0000003c
                2070@0000318c: $ 2 <= 00000000
                2090@00003190: $ 2 <= 00002e29
                2110@00003194: $21 <= 000056c7
                2130@00003198: $ 2 <= 00000000
                2130@0000319c: *0000003c <= 00000000
                2170@000031a0: $29 <= 00000040
                2170@000031a4: *00000040 <= 000056c7
                2210@000031a8: $29 <= 00000044
                2270@000031b4: $22 <= ffff0000
                2290@000031b8: $22 <= ffffdb7e
                2310@000031bc: $ 5 <= 000002c9
                2330@000031c0: $ 5 <= fffffd37
                2330@000031c4: *0000002c <= 0000007e
                2350@000031c8: *00000044 <= ffffdb7e
                2390@000031cc: $29 <= 00000048
                2390@000031d0: *00000048 <= fffffd37
                2430@000031d4: $29 <= 0000004c
                2490@000031e0: $25 <= 00000000
                2510@000031e4: $25 <= 00001bac
                2530@000031e8: $17 <= 00006c61
                2550@000031ec: $17 <= ffff939f
                2550@000031f0: *00000078 <= 0000ac00
                2570@000031f4: *0000004c <= 00001bac
                2610@000031f8: $29 <= 00000050
                2610@000031fc: *00000050 <= ffff939f
                2650@00003200: $29 <= 00000054
                2710@0000320c: $ 7 <= 00000000
                2730@00003210: $ 7 <= 00002290
                2750@00003214: $ 3 <= 00001941
                2750@00003218: *000000a4 <= 00900000
                2770@0000321c: *00000054 <= 00002290
                2810@00003220: $29 <= 00000058
                2810@00003224: *00000058 <= 00001941
                2850@00003228: $29 <= 0000005c
                2910@00003234: $17 <= 00000000
                2930@00003238: $17 <= 00000f93
                2950@0000323c: $20 <= 000012da
                2950@00003240: *000000a4 <= 93900000
                2970@00003244: *0000005c <= 00000f93
# run 1.00us
                3010@00003248: $29 <= 00000060
                3010@0000324c: *00000060 <= 000012da
                3050@00003250: $29 <= 00000064
                3110@0000325c: $10 <= 00000000
                3130@00003260: $10 <= 00004cb4
                3150@00003264: $13 <= 00000df3
                3150@00003268: *0000007c <= 00004cb4
                3170@0000326c: *00000064 <= 00004cb4
                3210@00003270: $29 <= 00000068
                3210@00003274: *00000068 <= 00000df3
                3250@00003278: $29 <= 0000006c
                3310@00003284: $ 9 <= 00000000
                3330@00003288: $ 9 <= 000064ed
                3350@0000328c: $11 <= 0000375c
                3350@00003290: *000000c8 <= 64ed0000
                3370@00003294: *0000006c <= 000064ed
                3410@00003298: $29 <= 00000070
                3410@0000329c: *00000070 <= 0000375c
                3450@000032a0: $29 <= 00000074
                3510@000032ac: $ 5 <= 00000000
                3530@000032b0: $ 5 <= 00002a25
                3550@000032b4: $22 <= ffff0000
                3570@000032b8: $22 <= ffff9df5
                3590@000032bc: $15 <= ffffc81a
                3590@000032c0: *00000074 <= ffffc81a
                3630@000032c4: $29 <= 00000078
                3690@000032d0: $19 <= 00000000
                3710@000032d4: $19 <= 00005ab2
                3730@000032d8: $ 4 <= 00000000
                3750@000032dc: $ 4 <= 00005fe4
                3770@000032e4: *00000078 <= 00000000
                3810@000032e8: $29 <= 0000007c
                3870@000032f4: $ 3 <= 00000000
                3890@000032f8: $ 3 <= 00000595
                3910@000032fc: $18 <= ffff0000
                3930@00003300: $18 <= ffffd204
                3950@00003304: $ 2 <= 00003391
                3950@00003308: *0000007c <= 00003391
                3990@0000330c: $29 <= 00000080
# run 1.00us
                4050@00003318: $15 <= 00000000
                4070@0000331c: $15 <= 000007ce
                4090@00003320: $ 6 <= 00000000
                4110@00003324: $ 6 <= 00006c89
                4130@0000332c: *00000080 <= 00000000
                4170@00003330: $29 <= 00000084
                4230@0000333c: $21 <= ffff0000
                4250@00003340: $21 <= ffff8675
                4270@00003344: $ 8 <= ffff0000
                4290@00003348: $ 8 <= ffffaa15
                4310@0000334c: $ 1 <= ffff542a
                4310@00003350: *00000084 <= ffff542a
                4350@00003354: $29 <= 00000088
                4410@00003360: $20 <= ffff0000
                4430@00003364: $20 <= ffff8b2c
                4450@00003368: $10 <= ffff0000
                4470@0000336c: $10 <= ffff952b
                4490@00003374: *00000088 <= 00000000
                4530@00003378: $29 <= 0000008c
                4590@00003384: $24 <= ffff0000
                4610@00003388: $24 <= ffffc528
                4630@0000338c: $27 <= ffff0000
                4650@00003390: $27 <= ffff8a3e
                4670@00003394: $ 3 <= 0000007f
                4670@00003398: *0000008c <= 0000007f
                4710@0000339c: $29 <= 00000090
                4770@000033a8: $21 <= 00000000
                4790@000033ac: $21 <= 00000b42
                4810@000033b0: $22 <= 00000000
                4830@000033b4: $22 <= 00000656
                4850@000033bc: *00000090 <= 00000000
                4890@000033c0: $29 <= 00000094
                4950@000033cc: $27 <= 00000000
                4970@000033d0: $27 <= 00001c84
                4990@000033d4: $20 <= 00000000
# run 1.00us
                5010@000033d8: $20 <= 00001652
                5030@000033dc: $23 <= 00001400
                5030@000033e0: *00000094 <= 00001400
                5070@000033e4: $29 <= 00000098
                5130@000033f0: $ 5 <= ffff0000
                5150@000033f4: $ 5 <= ffff91d1
                5170@000033f8: $ 7 <= 00000000
                5190@000033fc: $ 7 <= 000014a2
                5210@00003404: *00000098 <= 00000000
                5250@00003408: $29 <= 0000009c
                5310@00003414: $ 6 <= 00000000
                5330@00003418: $ 6 <= 00002195
                5350@0000341c: $ 3 <= 00000000
                5370@00003420: $ 3 <= 00003204
                5390@00003424: $19 <= 00003395
                5390@00003428: *0000009c <= 00003395
                5430@0000342c: $29 <= 000000a0
                5490@00003438: $21 <= 00000000
                5510@0000343c: $21 <= 00003bcd
                5530@00003440: $15 <= 00001e14
                5530@00003444: *000000a0 <= 00001e14
                5570@00003448: $29 <= 000000a4
                5630@00003454: $ 1 <= ffff0000
                5650@00003458: $ 1 <= ffffdcaa
                5670@00003460: *000000a4 <= 00000000
                5710@00003464: $29 <= 000000a8
                5770@00003470: $27 <= ffff0000
                5790@00003474: $27 <= ffffe46b
                5810@00003478: $ 1 <= 00006029
                5810@0000347c: *000000a8 <= 00006029
                5850@00003480: $29 <= 000000ac
                5910@0000348c: $16 <= ffff0000
                5930@00003490: $16 <= ffffa2ef
                5950@00003494: $27 <= 0000808d
                5950@00003498: *000000ac <= 0000808d
                5990@0000349c: $29 <= 000000b0
# run 1.00us
                6050@000034a8: $ 2 <= ffff0000
                6070@000034ac: $ 2 <= ffff9c8e
                6090@000034b4: *000000b0 <= 00000000
                6130@000034b8: $29 <= 000000b4
                6190@000034c4: $11 <= 00000000
                6210@000034c8: $11 <= 00003226
                6230@000034cc: $ 1 <= 00007b35
                6230@000034d0: *000000b4 <= 00007b35
                6270@000034d4: $29 <= 000000b8
                6330@000034e0: $14 <= 00000000
                6350@000034e4: $14 <= 00002cb5
                6370@000034e8: $ 5 <= ffff0000
                6390@000034ec: $ 5 <= ffffafef
                6410@000034f4: *000000b8 <= 00000000
                6450@000034f8: $29 <= 000000bc
                6510@00003504: $16 <= ffff0000
                6530@00003508: $16 <= ffff92f5
                6550@0000350c: $17 <= 00000001
                6550@00003510: *000000bc <= 00000001
                6590@00003514: $29 <= 000000c0
                6650@00003520: $ 6 <= ffff0000
                6670@00003524: $ 6 <= ffff997e
                6690@00003528: $15 <= 00000000
                6690@0000352c: *000000c0 <= 00000000
                6730@00003530: $29 <= 000000c4
                6790@0000353c: $ 9 <= ffff0000
                6810@00003540: $ 9 <= ffff9783
                6830@00003544: $ 3 <= 00000001
                6830@00003548: *000000c4 <= 00000001
                6870@0000354c: $29 <= 000000c8
                6930@00003558: $21 <= 00000000
                6950@0000355c: $21 <= 00000c7a
                6970@00003564: *000000c8 <= 00000000
# run 1.00us
                7010@00003568: $29 <= 000000cc
                7070@00003574: $ 5 <= ffff0000
                7090@00003578: $ 5 <= ffffe441
                7110@0000357c: $14 <= 00000000
                7130@00003580: $14 <= 00001876
                7150@00003584: $21 <= 00000000
                7150@00003588: *000000cc <= 00000000
                7190@0000358c: $29 <= 000000d0
                7250@00003598: $13 <= ffff0000
                7270@0000359c: $13 <= ffff97eb
                7290@000035a0: $ 7 <= 00000000
                7310@000035a4: $ 7 <= 00000adb
                7330@000035ac: *000000d0 <= 00000000
                7370@000035b0: $29 <= 000000d4
                7430@000035bc: $ 9 <= 00000000
                7450@000035c0: $ 9 <= 00001227
                7470@000035c4: $24 <= 00000000
                7490@000035c8: $24 <= 00006e19
                7610@000035d4: *000000d4 <= 00001227
                7650@000035d8: $29 <= 000000d8
                7650@000035dc: *000000d8 <= 00006e19
                7690@000035e0: $29 <= 000000dc
                7750@000035f8: $11 <= 00000000
                7770@000035fc: $11 <= 000010e0
                7790@00003600: $11 <= ffff0000
                7810@00003604: $11 <= ffffaf57
                7870@00003610: *000000dc <= ffffaf57
                7910@00003614: $29 <= 000000e0
                7910@00003618: *000000e0 <= ffffaf57
                7950@0000361c: $29 <= 000000e4
# run 1.00us
                8010@00003634: $27 <= 00000000
                8030@00003638: $27 <= 00005a2e
                8090@00003644: *000000e4 <= 00005a2e
                8130@00003648: $29 <= 000000e8
                8190@00003660: $27 <= ffff0000
                8210@00003664: $27 <= ffff992f
                8290@00003680: $30 <= 00000008
                8330@00003670: *000000e8 <= ffff992f
                8370@00003674: $29 <= 000000ec
                8530@000036ac: $30 <= 00000008
                8570@0000369c: *000000ec <= 00000000
                8610@000036a0: $29 <= 000000f0
                8670@000036b8: $20 <= 00000000
                8690@000036bc: $20 <= 00004b0d
                8810@000036c8: *000000f0 <= 00004b0d
                8850@000036cc: $29 <= 000000f4
                8910@000036e4: $20 <= ffff0000
                8930@000036e8: $20 <= ffff9907
                8990@000036f4: *000000f4 <= ffff9907
# run 1.00us
                9030@000036f8: $29 <= 000000f8
                9170@00003720: *000000f8 <= 00000000
                9210@00003724: $29 <= 000000fc
                9270@0000373c: $23 <= 00000000
                9290@00003740: $23 <= 00006bda
                9350@0000374c: *000000fc <= 00006bda
                9390@00003750: $29 <= 00000100
                9450@00003768: $23 <= ffff0000
                9470@0000376c: $23 <= ffffeb69
                9550@00003788: $30 <= 00000008
                9590@00003778: *00000100 <= ffffeb69
                9630@0000377c: $29 <= 00000104
                9770@000037a4: *00000104 <= 00000000
                9810@000037a8: $29 <= 00000108
                9870@000037c0: $26 <= 00000000
                9890@000037c4: $26 <= 00002c79
                9970@000037e0: $30 <= 00000008
# run 1.00us
               10010@000037d0: *00000108 <= 00002c79
               10050@000037d4: $29 <= 0000010c
               10110@000037ec: $26 <= ffff0000
               10130@000037f0: $26 <= fffff4aa
               10190@000037fc: *0000010c <= fffff4aa
               10230@00003800: $29 <= 00000110
               10390@00003838: $30 <= 00000008
               10430@00003828: *00000110 <= 00000000
               10470@0000382c: $29 <= 00000114
               10570@00003860: $31 <= 00003868
               10610@0000384c: $13 <= 00003868
               10650@00003850: $12 <= 00003858
               10690@00003868: $30 <= 00000008
               10790@00003874: $ 1 <= 24f60000
               10810@00003878: $ 1 <= 24f6c67f
               10830@0000387c: $27 <= 01d50000
               10850@00003880: $27 <= 01d5d30e
# run 1.00us
               11030@00003890: $15 <= 08bd0000
               11050@00003894: $15 <= 08bdb6ce
               11070@00003898: $25 <= dea90000
               11090@0000389c: $25 <= dea989cc
               11270@000038ac: $ 2 <= a5240000
               11290@000038b0: $ 2 <= a524abdb
               11410@000038c8: $10 <= 97300000
               11430@000038cc: $10 <= 9730c54b
# run 1.00us
# run 1.00us
# run 1.00us
