Command line:
   gray_text_isim_beh.exe
     -simmode  gui
     -simrunnum  0
     -socket  64102

Thu Nov 08 10:41:11 2018


 Elaboration Time: 0.09375 sec

 Current Memory Usage: 5335.58 Meg

 Total Signals          : 18
 Total Nets             : 20
 Total Signal Drivers   : 10
 Total Blocks           : 3
 Total Primitive Blocks : 2
 Total Processes        : 15
 Total Traceable Variables  : 24
 Total Scalar Nets and Variables : 110
Total Line Count : 41

 Total Simulation Time: 0.09375 sec

 Current Memory Usage: 5335.58 Meg

Thu Nov 08 10:41:31 2018

