Running: fuse.exe -relaunch -intstyle "ise" -incremental -lib "unisims_ver" -lib "unimacro_ver" -lib "xilinxcorelib_ver" -lib "secureip" -o "C:/Users/asus/Desktop/ISE/WGY0831_P5/test_isim_beh.exe" -prj "C:/Users/asus/Desktop/ISE/WGY0831_P5/test_beh.prj" "work.test" "work.glbl" 
ISim P.20131013 (signature 0x7708f090)
Number of CPUs detected in this system: 4
Turning on mult-threading, number of parallel sub-compilation jobs: 8 
Determining compilation order of HDL files
Analyzing Verilog file "C:/Users/asus/Desktop/ISE/WGY0831_P5/../../../cpucode/mips.v" into library work
Analyzing Verilog file "C:/Users/asus/Desktop/ISE/WGY0831_P5/../../../cpucode/test.v" into library work
Analyzing Verilog file "C:/Xilinx/14.7/ISE_DS/ISE//verilog/src/glbl.v" into library work
Starting static elaboration
Completed static elaboration
Compiling module decoderTuse
Compiling module decoderTnew
Compiling module mux2_5
Compiling module mux4_5
Compiling module hazardunit
Compiling module mux2
Compiling module mux4
Compiling module im
Compiling module ifu
Compiling module registersD
Compiling module ControllerD
Compiling module grf
Compiling module ext
Compiling module cmp
Compiling module npc
Compiling module registersE
Compiling module ControllerE
Compiling module alu
Compiling module registersM
Compiling module ControllerM
Compiling module dm
Compiling module registersW
Compiling module ControllerW
Compiling module mips
Compiling module test
Compiling module glbl
Time Resolution for simulation is 1ps.
Waiting for 19 sub-compilation(s) to finish...
WARNING:Simulator - Unable to copy libPortabilityNOSH.dll to the simulation executable directory: boost::filesystem::copy_file: 系统找不到指定的路径。, "isim\test_isim_beh.exe.sim\libPortability.dll".
Compiled 26 Verilog Units
Built simulation executable C:/Users/asus/Desktop/ISE/WGY0831_P5/test_isim_beh.exe
Fuse Memory Usage: 30536 KB
Fuse CPU Usage: 859 ms
