ISim log file
Running: C:\Users\asus\Desktop\ISE\WGY0831_P5\test_isim_beh.exe -intstyle ise -gui -tclbatch isim.cmd -wdb C:/Users/asus/Desktop/ISE/WGY0831_P5/test_isim_beh.wdb 
ISim P.20131013 (signature 0x7708f090)
WARNING: A WEBPACK license was found.
WARNING: Please use Xilinx License Configuration Manager to check out a full ISim license.
WARNING: ISim will run in Lite mode. Please refer to the ISim documentation for more information on the differences between the Lite and the Full version.
This is a Lite version of ISim.
Time resolution is 1 ps
# onerror resume
# wave add /
# run 1000 ns
Simulator is doing circuit initialization process.
WARNING: File code.txt referenced on C:/Users/asus/cpucode/im.v at line 42 cannot be opened for reading. Please ensure that this file is available in the current working directory.Finished circuit initialization process.
ISim P.20131013 (signature 0x7708f090)
WARNING: A WEBPACK license was found.
WARNING: Please use Xilinx License Configuration Manager to check out a full ISim license.
WARNING: ISim will run in Lite mode. Please refer to the ISim documentation for more information on the differences between the Lite and the Full version.
This is a Lite version of ISim.
# run 1000 ns
Simulator is doing circuit initialization process.
WARNING: File code.txt referenced on C:/Users/asus/cpucode/im.v at line 42 cannot be opened for reading. Please ensure that this file is available in the current working directory.Finished circuit initialization process.
ISim P.20131013 (signature 0x7708f090)
WARNING: A WEBPACK license was found.
WARNING: Please use Xilinx License Configuration Manager to check out a full ISim license.
WARNING: ISim will run in Lite mode. Please refer to the ISim documentation for more information on the differences between the Lite and the Full version.
This is a Lite version of ISim.
# run 1000 ns
Simulator is doing circuit initialization process.
WARNING: File code.txt referenced on C:/Users/asus/cpucode/im.v at line 42 cannot be opened for reading. Please ensure that this file is available in the current working directory.Finished circuit initialization process.
ISim P.20131013 (signature 0x7708f090)
WARNING: A WEBPACK license was found.
WARNING: Please use Xilinx License Configuration Manager to check out a full ISim license.
WARNING: ISim will run in Lite mode. Please refer to the ISim documentation for more information on the differences between the Lite and the Full version.
This is a Lite version of ISim.
# run 1000 ns
Simulator is doing circuit initialization process.
WARNING: File code.txt referenced on C:/Users/asus/cpucode/im.v at line 42 cannot be opened for reading. Please ensure that this file is available in the current working directory.Finished circuit initialization process.
