Command line:
   splitter_text_isim_beh.exe
     -simmode  gui
     -simrunnum  0
     -socket  59847

Wed Nov 07 22:53:21 2018


 Elaboration Time: 0.0625 sec

 Current Memory Usage: 5335.64 Meg

 Total Signals          : 22
 Total Nets             : 77
 Total Signal Drivers   : 10
 Total Blocks           : 3
 Total Primitive Blocks : 2
 Total Processes        : 12
 Total Traceable Variables  : 19
 Total Scalar Nets and Variables : 189
Total Line Count : 21

 Total Simulation Time: 0.078125 sec

 Current Memory Usage: 5178.36 Meg

Wed Nov 07 23:05:40 2018

