Command line:
   buff_tb_isim_beh.exe
     -simmode  gui
     -simrunnum  0
     -socket  60528

Tue Oct 09 21:21:33 2018


 Elaboration Time: 0.046875 sec

 Current Memory Usage: 5335.65 Meg

 Total Signals          : 16
 Total Nets             : 16
 Total Signal Drivers   : 8
 Total Blocks           : 3
 Total Primitive Blocks : 2
 Total Processes        : 12
 Total Traceable Variables  : 22
 Total Scalar Nets and Variables : 100
Total Line Count : 27

 Total Simulation Time: 0.09375 sec

 Current Memory Usage: 5335.65 Meg

Tue Oct 09 21:21:47 2018

